----------------- Options ---------------
               batch_size: 256                           	[default: 1]
                    beta1: 0.5                           
          checkpoints_dir: ./checkpoints                 
           continue_train: False                         
                 dataroot: ./datasets/qrcodes/AB         	[default: None]
             dataset_mode: aligned                       
            dataset_model: aligned                       	[default: None]
                direction: AtoB                          
              display_env: main                          
             display_freq: 400                           
               display_id: -1                            
            display_ncols: 4                             
             display_port: 8097                          
           display_server: http://localhost              
          display_winsize: 256                           
                    epoch: latest                        
              epoch_count: 1                             
             expand_radio: 6                             
                 fineSize: 256                           
                  gpu_ids: 3                             	[default: 0]
                init_gain: 0.02                          
                init_type: normal                        
                 input_nc: 1                             
                  isTrain: True                          	[default: None]
                lambda_L1: 100.0                         
                 loadSize: 256                           
                       lr: 0.0002                        
           lr_decay_iters: 50                            
                lr_policy: lambda                        
         max_dataset_size: inf                           
                    model: pix2pix                       
               n_layers_D: 3                             
                     name: qrcodes_blur2                 	[default: experiment_name]
                      ndf: 64                            
                     netD: basic                         
                     netG: unet_256                      	[default: resnet_9blocks]
                      ngf: 16                            	[default: 64]
                    niter: 200                           	[default: 100]
              niter_decay: 100                           
               no_dropout: False                         
                  no_flip: False                         
                  no_html: 1                             
                 no_lsgan: True                          
                     norm: batch                         
              num_threads: 4                             
                output_nc: 1                             
                    phase: train                         
                pool_size: 0                             
               print_freq: 10                            
           resize_or_crop: none                          	[default: scale_width]
          save_epoch_freq: 10                            
         save_latest_freq: 5000                          
           serial_batches: False                         
                   suffix:                               
         update_html_freq: 1000                          
                  verbose: False                         
----------------- End -------------------
dataset [AlignedDataset] was created
#training images = 2400
initialize network with normal
initialize network with normal
model [Pix2PixModel] was created
---------- Networks initialized -------------
[Network G] Total number of parameters : 0.851 M
[Network D] Total number of parameters : 2.765 M
-----------------------------------------------
(epoch: 1, iters: 1280, time: 0.005, data: 1.325) G_GAN: 0.913 G_L1: 299.596 G_GD: 0.000 D_real: 0.749 D_fake: 0.658 
(epoch: 1, iters: 2560, time: 0.027, data: 0.020) G_GAN: 1.027 G_L1: 297.783 G_GD: 0.000 D_real: 0.601 D_fake: 0.577 
End of epoch 1 / 300 	 Time Taken: 22 sec
learning rate = 0.0002000
(epoch: 2, iters: 1280, time: 0.005, data: 1.453) G_GAN: 1.174 G_L1: 293.792 G_GD: 0.000 D_real: 0.531 D_fake: 0.511 
(epoch: 2, iters: 2560, time: 0.002, data: 0.024) G_GAN: 1.503 G_L1: 286.496 G_GD: 0.000 D_real: 0.402 D_fake: 0.363 
End of epoch 2 / 300 	 Time Taken: 12 sec
learning rate = 0.0002000
(epoch: 3, iters: 1280, time: 0.005, data: 1.584) G_GAN: 1.888 G_L1: 275.454 G_GD: 0.000 D_real: 0.250 D_fake: 0.247 
(epoch: 3, iters: 2560, time: 0.002, data: 0.031) G_GAN: 2.295 G_L1: 260.386 G_GD: 0.000 D_real: 0.242 D_fake: 0.258 
End of epoch 3 / 300 	 Time Taken: 14 sec
learning rate = 0.0002000
(epoch: 4, iters: 1280, time: 0.006, data: 1.478) G_GAN: 2.679 G_L1: 244.124 G_GD: 0.000 D_real: 0.112 D_fake: 0.110 
(epoch: 4, iters: 2560, time: 0.002, data: 0.016) G_GAN: 3.094 G_L1: 231.395 G_GD: 0.000 D_real: 0.070 D_fake: 0.068 
End of epoch 4 / 300 	 Time Taken: 15 sec
learning rate = 0.0002000
(epoch: 5, iters: 1280, time: 0.006, data: 1.509) G_GAN: 3.455 G_L1: 221.635 G_GD: 0.000 D_real: 0.050 D_fake: 0.046 
(epoch: 5, iters: 2560, time: 0.002, data: 0.020) G_GAN: 3.680 G_L1: 212.133 G_GD: 0.000 D_real: 0.039 D_fake: 0.036 
End of epoch 5 / 300 	 Time Taken: 15 sec
learning rate = 0.0002000
(epoch: 6, iters: 1280, time: 0.006, data: 1.657) G_GAN: 3.969 G_L1: 205.860 G_GD: 0.000 D_real: 0.029 D_fake: 0.026 
(epoch: 6, iters: 2560, time: 0.002, data: 0.020) G_GAN: 4.197 G_L1: 199.786 G_GD: 0.000 D_real: 0.023 D_fake: 0.021 
End of epoch 6 / 300 	 Time Taken: 15 sec
learning rate = 0.0002000
(epoch: 7, iters: 1280, time: 0.006, data: 1.608) G_GAN: 4.362 G_L1: 191.123 G_GD: 0.000 D_real: 0.019 D_fake: 0.018 
(epoch: 7, iters: 2560, time: 0.002, data: 0.022) G_GAN: 4.517 G_L1: 187.169 G_GD: 0.000 D_real: 0.017 D_fake: 0.015 
End of epoch 7 / 300 	 Time Taken: 15 sec
learning rate = 0.0002000
(epoch: 8, iters: 1280, time: 0.006, data: 1.545) G_GAN: 4.692 G_L1: 181.229 G_GD: 0.000 D_real: 0.014 D_fake: 0.013 
(epoch: 8, iters: 2560, time: 0.002, data: 0.020) G_GAN: 4.813 G_L1: 174.800 G_GD: 0.000 D_real: 0.013 D_fake: 0.011 
End of epoch 8 / 300 	 Time Taken: 15 sec
learning rate = 0.0002000
(epoch: 9, iters: 1280, time: 0.006, data: 1.528) G_GAN: 4.944 G_L1: 171.563 G_GD: 0.000 D_real: 0.011 D_fake: 0.010 
(epoch: 9, iters: 2560, time: 0.002, data: 0.013) G_GAN: 5.081 G_L1: 166.553 G_GD: 0.000 D_real: 0.009 D_fake: 0.009 
End of epoch 9 / 300 	 Time Taken: 15 sec
learning rate = 0.0002000
(epoch: 10, iters: 1280, time: 0.006, data: 1.776) G_GAN: 5.156 G_L1: 159.768 G_GD: 0.000 D_real: 0.009 D_fake: 0.008 
(epoch: 10, iters: 2560, time: 0.002, data: 0.025) G_GAN: 5.275 G_L1: 153.311 G_GD: 0.000 D_real: 0.008 D_fake: 0.007 
saving the model at the end of epoch 10, iters 25600
End of epoch 10 / 300 	 Time Taken: 16 sec
learning rate = 0.0002000
(epoch: 11, iters: 1280, time: 0.004, data: 1.435) G_GAN: 5.314 G_L1: 151.979 G_GD: 0.000 D_real: 0.008 D_fake: 0.007 
(epoch: 11, iters: 2560, time: 0.001, data: 0.030) G_GAN: 5.415 G_L1: 146.887 G_GD: 0.000 D_real: 0.007 D_fake: 0.006 
End of epoch 11 / 300 	 Time Taken: 11 sec
learning rate = 0.0002000
(epoch: 12, iters: 1280, time: 0.004, data: 1.544) G_GAN: 5.539 G_L1: 142.861 G_GD: 0.000 D_real: 0.006 D_fake: 0.006 
(epoch: 12, iters: 2560, time: 0.001, data: 0.038) G_GAN: 5.614 G_L1: 138.704 G_GD: 0.000 D_real: 0.006 D_fake: 0.005 
End of epoch 12 / 300 	 Time Taken: 10 sec
learning rate = 0.0002000
(epoch: 13, iters: 1280, time: 0.004, data: 1.509) G_GAN: 5.637 G_L1: 131.983 G_GD: 0.000 D_real: 0.006 D_fake: 0.005 
(epoch: 13, iters: 2560, time: 0.001, data: 0.028) G_GAN: 5.836 G_L1: 130.683 G_GD: 0.000 D_real: 0.005 D_fake: 0.004 
End of epoch 13 / 300 	 Time Taken: 10 sec
learning rate = 0.0002000
(epoch: 14, iters: 1280, time: 0.004, data: 1.415) G_GAN: 5.844 G_L1: 124.704 G_GD: 0.000 D_real: 0.005 D_fake: 0.004 
(epoch: 14, iters: 2560, time: 0.001, data: 0.029) G_GAN: 5.850 G_L1: 121.754 G_GD: 0.000 D_real: 0.005 D_fake: 0.004 
End of epoch 14 / 300 	 Time Taken: 10 sec
learning rate = 0.0002000
(epoch: 15, iters: 1280, time: 0.006, data: 1.619) G_GAN: 5.983 G_L1: 117.960 G_GD: 0.000 D_real: 0.004 D_fake: 0.004 
(epoch: 15, iters: 2560, time: 0.001, data: 0.025) G_GAN: 6.038 G_L1: 112.641 G_GD: 0.000 D_real: 0.003 D_fake: 0.003 
End of epoch 15 / 300 	 Time Taken: 13 sec
learning rate = 0.0002000
(epoch: 16, iters: 1280, time: 0.004, data: 1.440) G_GAN: 6.074 G_L1: 111.051 G_GD: 0.000 D_real: 0.004 D_fake: 0.003 
(epoch: 16, iters: 2560, time: 0.001, data: 0.017) G_GAN: 6.179 G_L1: 107.438 G_GD: 0.000 D_real: 0.003 D_fake: 0.003 
End of epoch 16 / 300 	 Time Taken: 10 sec
learning rate = 0.0002000
(epoch: 17, iters: 1280, time: 0.004, data: 1.463) G_GAN: 6.210 G_L1: 102.296 G_GD: 0.000 D_real: 0.003 D_fake: 0.003 
(epoch: 17, iters: 2560, time: 0.001, data: 0.023) G_GAN: 6.195 G_L1: 100.263 G_GD: 0.000 D_real: 0.003 D_fake: 0.003 
End of epoch 17 / 300 	 Time Taken: 10 sec
learning rate = 0.0002000
(epoch: 18, iters: 1280, time: 0.004, data: 1.784) G_GAN: 6.325 G_L1: 98.358 G_GD: 0.000 D_real: 0.003 D_fake: 0.003 
(epoch: 18, iters: 2560, time: 0.001, data: 0.038) G_GAN: 6.276 G_L1: 94.382 G_GD: 0.000 D_real: 0.003 D_fake: 0.003 
End of epoch 18 / 300 	 Time Taken: 11 sec
learning rate = 0.0002000
(epoch: 19, iters: 1280, time: 0.004, data: 1.488) G_GAN: 6.405 G_L1: 93.675 G_GD: 0.000 D_real: 0.003 D_fake: 0.002 
(epoch: 19, iters: 2560, time: 0.001, data: 0.024) G_GAN: 6.444 G_L1: 90.783 G_GD: 0.000 D_real: 0.003 D_fake: 0.002 
End of epoch 19 / 300 	 Time Taken: 10 sec
learning rate = 0.0002000
(epoch: 20, iters: 1280, time: 0.004, data: 1.495) G_GAN: 6.416 G_L1: 87.829 G_GD: 0.000 D_real: 0.003 D_fake: 0.002 
(epoch: 20, iters: 2560, time: 0.001, data: 0.023) G_GAN: 6.455 G_L1: 85.190 G_GD: 0.000 D_real: 0.002 D_fake: 0.002 
saving the model at the end of epoch 20, iters 51200
End of epoch 20 / 300 	 Time Taken: 11 sec
learning rate = 0.0002000
(epoch: 21, iters: 1280, time: 0.004, data: 1.546) G_GAN: 6.532 G_L1: 84.047 G_GD: 0.000 D_real: 0.002 D_fake: 0.002 
(epoch: 21, iters: 2560, time: 0.001, data: 0.017) G_GAN: 6.611 G_L1: 81.924 G_GD: 0.000 D_real: 0.002 D_fake: 0.002 
End of epoch 21 / 300 	 Time Taken: 10 sec
learning rate = 0.0002000
(epoch: 22, iters: 1280, time: 0.004, data: 1.573) G_GAN: 6.578 G_L1: 80.434 G_GD: 0.000 D_real: 0.002 D_fake: 0.002 
(epoch: 22, iters: 2560, time: 0.001, data: 0.027) G_GAN: 6.551 G_L1: 78.189 G_GD: 0.000 D_real: 0.002 D_fake: 0.002 
End of epoch 22 / 300 	 Time Taken: 11 sec
learning rate = 0.0002000
(epoch: 23, iters: 1280, time: 0.004, data: 1.453) G_GAN: 6.630 G_L1: 75.910 G_GD: 0.000 D_real: 0.002 D_fake: 0.002 
(epoch: 23, iters: 2560, time: 0.001, data: 0.028) G_GAN: 6.592 G_L1: 73.541 G_GD: 0.000 D_real: 0.002 D_fake: 0.002 
End of epoch 23 / 300 	 Time Taken: 10 sec
learning rate = 0.0002000
(epoch: 24, iters: 1280, time: 0.004, data: 1.463) G_GAN: 6.635 G_L1: 73.300 G_GD: 0.000 D_real: 0.002 D_fake: 0.002 
(epoch: 24, iters: 2560, time: 0.001, data: 0.015) G_GAN: 6.727 G_L1: 73.090 G_GD: 0.000 D_real: 0.002 D_fake: 0.002 
End of epoch 24 / 300 	 Time Taken: 10 sec
learning rate = 0.0002000
(epoch: 25, iters: 1280, time: 0.004, data: 1.488) G_GAN: 6.704 G_L1: 70.460 G_GD: 0.000 D_real: 0.002 D_fake: 0.002 
(epoch: 25, iters: 2560, time: 0.001, data: 0.019) G_GAN: 6.691 G_L1: 68.771 G_GD: 0.000 D_real: 0.002 D_fake: 0.002 
End of epoch 25 / 300 	 Time Taken: 10 sec
learning rate = 0.0002000
(epoch: 26, iters: 1280, time: 0.004, data: 1.539) G_GAN: 6.665 G_L1: 67.221 G_GD: 0.000 D_real: 0.002 D_fake: 0.002 
(epoch: 26, iters: 2560, time: 0.001, data: 0.031) G_GAN: 6.719 G_L1: 65.911 G_GD: 0.000 D_real: 0.002 D_fake: 0.002 
End of epoch 26 / 300 	 Time Taken: 10 sec
learning rate = 0.0002000
(epoch: 27, iters: 1280, time: 0.006, data: 1.516) G_GAN: 6.789 G_L1: 65.457 G_GD: 0.000 D_real: 0.002 D_fake: 0.002 
(epoch: 27, iters: 2560, time: 0.002, data: 0.023) G_GAN: 6.787 G_L1: 62.256 G_GD: 0.000 D_real: 0.002 D_fake: 0.002 
End of epoch 27 / 300 	 Time Taken: 14 sec
learning rate = 0.0002000
(epoch: 28, iters: 1280, time: 0.006, data: 1.502) G_GAN: 6.806 G_L1: 63.064 G_GD: 0.000 D_real: 0.002 D_fake: 0.002 
(epoch: 28, iters: 2560, time: 0.002, data: 0.028) G_GAN: 6.869 G_L1: 61.569 G_GD: 0.000 D_real: 0.002 D_fake: 0.001 
End of epoch 28 / 300 	 Time Taken: 15 sec
learning rate = 0.0002000
(epoch: 29, iters: 1280, time: 0.006, data: 1.508) G_GAN: 6.913 G_L1: 59.944 G_GD: 0.000 D_real: 0.002 D_fake: 0.001 
(epoch: 29, iters: 2560, time: 0.002, data: 0.022) G_GAN: 6.939 G_L1: 59.128 G_GD: 0.000 D_real: 0.001 D_fake: 0.001 
End of epoch 29 / 300 	 Time Taken: 15 sec
learning rate = 0.0002000
(epoch: 30, iters: 1280, time: 0.006, data: 1.566) G_GAN: 6.956 G_L1: 59.069 G_GD: 0.000 D_real: 0.001 D_fake: 0.001 
(epoch: 30, iters: 2560, time: 0.002, data: 0.018) G_GAN: 6.973 G_L1: 59.306 G_GD: 0.000 D_real: 0.002 D_fake: 0.001 
saving the model at the end of epoch 30, iters 76800
End of epoch 30 / 300 	 Time Taken: 16 sec
learning rate = 0.0002000
(epoch: 31, iters: 1280, time: 0.006, data: 1.557) G_GAN: 7.014 G_L1: 56.699 G_GD: 0.000 D_real: 0.001 D_fake: 0.001 
(epoch: 31, iters: 2560, time: 0.002, data: 0.020) G_GAN: 7.039 G_L1: 56.350 G_GD: 0.000 D_real: 0.002 D_fake: 0.001 
End of epoch 31 / 300 	 Time Taken: 15 sec
learning rate = 0.0002000
(epoch: 32, iters: 1280, time: 0.006, data: 1.377) G_GAN: 7.096 G_L1: 54.704 G_GD: 0.000 D_real: 0.001 D_fake: 0.001 
(epoch: 32, iters: 2560, time: 0.002, data: 0.026) G_GAN: 7.054 G_L1: 54.741 G_GD: 0.000 D_real: 0.001 D_fake: 0.001 
End of epoch 32 / 300 	 Time Taken: 15 sec
learning rate = 0.0002000
(epoch: 33, iters: 1280, time: 0.006, data: 1.494) G_GAN: 7.119 G_L1: 54.635 G_GD: 0.000 D_real: 0.001 D_fake: 0.001 
(epoch: 33, iters: 2560, time: 0.002, data: 0.019) G_GAN: 7.105 G_L1: 53.231 G_GD: 0.000 D_real: 0.001 D_fake: 0.001 
End of epoch 33 / 300 	 Time Taken: 15 sec
learning rate = 0.0002000
(epoch: 34, iters: 1280, time: 0.006, data: 1.604) G_GAN: 7.151 G_L1: 51.765 G_GD: 0.000 D_real: 0.001 D_fake: 0.001 
(epoch: 34, iters: 2560, time: 0.002, data: 0.017) G_GAN: 7.128 G_L1: 50.842 G_GD: 0.000 D_real: 0.001 D_fake: 0.001 
End of epoch 34 / 300 	 Time Taken: 15 sec
learning rate = 0.0002000
(epoch: 35, iters: 1280, time: 0.006, data: 1.434) G_GAN: 7.165 G_L1: 50.603 G_GD: 0.000 D_real: 0.001 D_fake: 0.001 
(epoch: 35, iters: 2560, time: 0.002, data: 0.032) G_GAN: 7.059 G_L1: 50.238 G_GD: 0.000 D_real: 0.001 D_fake: 0.001 
End of epoch 35 / 300 	 Time Taken: 15 sec
learning rate = 0.0002000
(epoch: 36, iters: 1280, time: 0.006, data: 1.575) G_GAN: 7.169 G_L1: 48.884 G_GD: 0.000 D_real: 0.001 D_fake: 0.001 
(epoch: 36, iters: 2560, time: 0.002, data: 0.024) G_GAN: 7.153 G_L1: 49.183 G_GD: 0.000 D_real: 0.001 D_fake: 0.001 
End of epoch 36 / 300 	 Time Taken: 15 sec
learning rate = 0.0002000
(epoch: 37, iters: 1280, time: 0.004, data: 1.792) G_GAN: 7.135 G_L1: 48.545 G_GD: 0.000 D_real: 0.001 D_fake: 0.001 
(epoch: 37, iters: 2560, time: 0.001, data: 0.028) G_GAN: 7.141 G_L1: 47.503 G_GD: 0.000 D_real: 0.001 D_fake: 0.001 
End of epoch 37 / 300 	 Time Taken: 11 sec
learning rate = 0.0002000
(epoch: 38, iters: 1280, time: 0.004, data: 1.474) G_GAN: 7.142 G_L1: 46.643 G_GD: 0.000 D_real: 0.001 D_fake: 0.001 
(epoch: 38, iters: 2560, time: 0.001, data: 0.028) G_GAN: 7.216 G_L1: 46.359 G_GD: 0.000 D_real: 0.001 D_fake: 0.001 
End of epoch 38 / 300 	 Time Taken: 11 sec
learning rate = 0.0002000
(epoch: 39, iters: 1280, time: 0.004, data: 1.561) G_GAN: 7.127 G_L1: 45.373 G_GD: 0.000 D_real: 0.001 D_fake: 0.001 
(epoch: 39, iters: 2560, time: 0.001, data: 0.024) G_GAN: 7.086 G_L1: 46.435 G_GD: 0.000 D_real: 0.001 D_fake: 0.001 
End of epoch 39 / 300 	 Time Taken: 10 sec
learning rate = 0.0002000
(epoch: 40, iters: 1280, time: 0.004, data: 1.437) G_GAN: 7.032 G_L1: 45.079 G_GD: 0.000 D_real: 0.001 D_fake: 0.001 
(epoch: 40, iters: 2560, time: 0.001, data: 0.028) G_GAN: 6.879 G_L1: 44.746 G_GD: 0.000 D_real: 0.002 D_fake: 0.002 
saving the model at the end of epoch 40, iters 102400
End of epoch 40 / 300 	 Time Taken: 11 sec
learning rate = 0.0002000
(epoch: 41, iters: 1280, time: 0.006, data: 1.513) G_GAN: 6.736 G_L1: 43.974 G_GD: 0.000 D_real: 0.002 D_fake: 0.002 
(epoch: 41, iters: 2560, time: 0.001, data: 0.021) G_GAN: 6.617 G_L1: 43.729 G_GD: 0.000 D_real: 0.002 D_fake: 0.002 
End of epoch 41 / 300 	 Time Taken: 12 sec
learning rate = 0.0002000
(epoch: 42, iters: 1280, time: 0.004, data: 1.565) G_GAN: 6.549 G_L1: 43.188 G_GD: 0.000 D_real: 0.002 D_fake: 0.002 
(epoch: 42, iters: 2560, time: 0.001, data: 0.024) G_GAN: 6.612 G_L1: 41.819 G_GD: 0.000 D_real: 0.002 D_fake: 0.002 
End of epoch 42 / 300 	 Time Taken: 10 sec
learning rate = 0.0002000
(epoch: 43, iters: 1280, time: 0.004, data: 1.511) G_GAN: 6.649 G_L1: 41.897 G_GD: 0.000 D_real: 0.002 D_fake: 0.002 
(epoch: 43, iters: 2560, time: 0.001, data: 0.024) G_GAN: 6.739 G_L1: 40.775 G_GD: 0.000 D_real: 0.002 D_fake: 0.002 
End of epoch 43 / 300 	 Time Taken: 10 sec
learning rate = 0.0002000
(epoch: 44, iters: 1280, time: 0.004, data: 1.451) G_GAN: 6.733 G_L1: 40.595 G_GD: 0.000 D_real: 0.002 D_fake: 0.002 
(epoch: 44, iters: 2560, time: 0.001, data: 0.029) G_GAN: 6.800 G_L1: 39.195 G_GD: 0.000 D_real: 0.002 D_fake: 0.001 
End of epoch 44 / 300 	 Time Taken: 11 sec
learning rate = 0.0002000
(epoch: 45, iters: 1280, time: 0.004, data: 1.498) G_GAN: 6.897 G_L1: 40.349 G_GD: 0.000 D_real: 0.002 D_fake: 0.001 
(epoch: 45, iters: 2560, time: 0.002, data: 0.028) G_GAN: 6.742 G_L1: 38.837 G_GD: 0.000 D_real: 0.002 D_fake: 0.002 
End of epoch 45 / 300 	 Time Taken: 11 sec
learning rate = 0.0002000
(epoch: 46, iters: 1280, time: 0.006, data: 1.486) G_GAN: 6.849 G_L1: 38.735 G_GD: 0.000 D_real: 0.002 D_fake: 0.001 
(epoch: 46, iters: 2560, time: 0.002, data: 0.022) G_GAN: 6.932 G_L1: 37.835 G_GD: 0.000 D_real: 0.001 D_fake: 0.002 
End of epoch 46 / 300 	 Time Taken: 15 sec
learning rate = 0.0002000
(epoch: 47, iters: 1280, time: 0.006, data: 1.594) G_GAN: 7.022 G_L1: 37.296 G_GD: 0.000 D_real: 0.001 D_fake: 0.002 
(epoch: 47, iters: 2560, time: 0.002, data: 0.020) G_GAN: 6.941 G_L1: 37.439 G_GD: 0.000 D_real: 0.001 D_fake: 0.002 
End of epoch 47 / 300 	 Time Taken: 15 sec
learning rate = 0.0002000
(epoch: 48, iters: 1280, time: 0.006, data: 1.355) G_GAN: 6.965 G_L1: 36.622 G_GD: 0.000 D_real: 0.001 D_fake: 0.002 
(epoch: 48, iters: 2560, time: 0.002, data: 0.031) G_GAN: 6.927 G_L1: 36.447 G_GD: 0.000 D_real: 0.001 D_fake: 0.002 
End of epoch 48 / 300 	 Time Taken: 15 sec
learning rate = 0.0002000
(epoch: 49, iters: 1280, time: 0.006, data: 1.569) G_GAN: 6.950 G_L1: 35.239 G_GD: 0.000 D_real: 0.001 D_fake: 0.002 
(epoch: 49, iters: 2560, time: 0.002, data: 0.023) G_GAN: 7.009 G_L1: 34.611 G_GD: 0.000 D_real: 0.001 D_fake: 0.001 
End of epoch 49 / 300 	 Time Taken: 15 sec
learning rate = 0.0002000
(epoch: 50, iters: 1280, time: 0.006, data: 1.518) G_GAN: 6.544 G_L1: 34.499 G_GD: 0.000 D_real: 0.003 D_fake: 0.001 
(epoch: 50, iters: 2560, time: 0.002, data: 0.026) G_GAN: 2.182 G_L1: 33.321 G_GD: 0.000 D_real: 0.204 D_fake: 21.163 
saving the model at the end of epoch 50, iters 128000
End of epoch 50 / 300 	 Time Taken: 16 sec
learning rate = 0.0002000
(epoch: 51, iters: 1280, time: 0.006, data: 1.515) G_GAN: 0.449 G_L1: 33.189 G_GD: 0.000 D_real: 0.678 D_fake: 1.618 
(epoch: 51, iters: 2560, time: 0.002, data: 0.026) G_GAN: 0.843 G_L1: 32.457 G_GD: 0.000 D_real: 0.778 D_fake: 1.369 
End of epoch 51 / 300 	 Time Taken: 15 sec
learning rate = 0.0002000
(epoch: 52, iters: 1280, time: 0.006, data: 1.627) G_GAN: 0.909 G_L1: 31.754 G_GD: 0.000 D_real: 0.731 D_fake: 0.650 
(epoch: 52, iters: 2560, time: 0.002, data: 0.026) G_GAN: 1.026 G_L1: 31.722 G_GD: 0.000 D_real: 0.591 D_fake: 0.637 
End of epoch 52 / 300 	 Time Taken: 15 sec
learning rate = 0.0002000
(epoch: 53, iters: 1280, time: 0.006, data: 1.564) G_GAN: 1.404 G_L1: 31.389 G_GD: 0.000 D_real: 0.576 D_fake: 0.492 
(epoch: 53, iters: 2560, time: 0.002, data: 0.023) G_GAN: 2.165 G_L1: 30.411 G_GD: 0.000 D_real: 0.242 D_fake: 0.192 
End of epoch 53 / 300 	 Time Taken: 15 sec
learning rate = 0.0002000
(epoch: 54, iters: 1280, time: 0.006, data: 1.353) G_GAN: 1.685 G_L1: 30.497 G_GD: 0.000 D_real: 0.345 D_fake: 0.522 
(epoch: 54, iters: 2560, time: 0.002, data: 0.040) G_GAN: 2.855 G_L1: 29.992 G_GD: 0.000 D_real: 0.135 D_fake: 0.096 
End of epoch 54 / 300 	 Time Taken: 15 sec
learning rate = 0.0002000
(epoch: 55, iters: 1280, time: 0.006, data: 1.595) G_GAN: 3.736 G_L1: 29.722 G_GD: 0.000 D_real: 0.048 D_fake: 0.041 
(epoch: 55, iters: 2560, time: 0.001, data: 0.026) G_GAN: 4.186 G_L1: 30.468 G_GD: 0.000 D_real: 0.028 D_fake: 0.023 
End of epoch 55 / 300 	 Time Taken: 14 sec
learning rate = 0.0002000
(epoch: 56, iters: 1280, time: 0.004, data: 1.471) G_GAN: 4.264 G_L1: 29.724 G_GD: 0.000 D_real: 0.023 D_fake: 0.021 
(epoch: 56, iters: 2560, time: 0.001, data: 0.024) G_GAN: 4.360 G_L1: 29.047 G_GD: 0.000 D_real: 0.020 D_fake: 0.019 
End of epoch 56 / 300 	 Time Taken: 10 sec
learning rate = 0.0002000
(epoch: 57, iters: 1280, time: 0.004, data: 1.446) G_GAN: 4.435 G_L1: 28.505 G_GD: 0.000 D_real: 0.017 D_fake: 0.019 
(epoch: 57, iters: 2560, time: 0.001, data: 0.026) G_GAN: 4.533 G_L1: 27.839 G_GD: 0.000 D_real: 0.017 D_fake: 0.015 
End of epoch 57 / 300 	 Time Taken: 10 sec
learning rate = 0.0002000
(epoch: 58, iters: 1280, time: 0.004, data: 1.509) G_GAN: 4.626 G_L1: 27.979 G_GD: 0.000 D_real: 0.015 D_fake: 0.015 
(epoch: 58, iters: 2560, time: 0.001, data: 0.019) G_GAN: 4.675 G_L1: 28.023 G_GD: 0.000 D_real: 0.013 D_fake: 0.015 
End of epoch 58 / 300 	 Time Taken: 10 sec
learning rate = 0.0002000
(epoch: 59, iters: 1280, time: 0.004, data: 1.359) G_GAN: 4.665 G_L1: 27.126 G_GD: 0.000 D_real: 0.015 D_fake: 0.012 
(epoch: 59, iters: 2560, time: 0.001, data: 0.035) G_GAN: 4.782 G_L1: 27.859 G_GD: 0.000 D_real: 0.014 D_fake: 0.010 
End of epoch 59 / 300 	 Time Taken: 10 sec
learning rate = 0.0002000
(epoch: 60, iters: 1280, time: 0.006, data: 1.396) G_GAN: 4.781 G_L1: 26.740 G_GD: 0.000 D_real: 0.015 D_fake: 0.010 
(epoch: 60, iters: 2560, time: 0.001, data: 0.028) G_GAN: 4.954 G_L1: 27.294 G_GD: 0.000 D_real: 0.011 D_fake: 0.009 
saving the model at the end of epoch 60, iters 153600
End of epoch 60 / 300 	 Time Taken: 12 sec
learning rate = 0.0002000
(epoch: 61, iters: 1280, time: 0.004, data: 1.501) G_GAN: 4.800 G_L1: 25.615 G_GD: 0.000 D_real: 0.012 D_fake: 0.010 
(epoch: 61, iters: 2560, time: 0.001, data: 0.027) G_GAN: 4.866 G_L1: 25.358 G_GD: 0.000 D_real: 0.011 D_fake: 0.013 
End of epoch 61 / 300 	 Time Taken: 10 sec
learning rate = 0.0002000
(epoch: 62, iters: 1280, time: 0.004, data: 1.521) G_GAN: 4.983 G_L1: 25.263 G_GD: 0.000 D_real: 0.009 D_fake: 0.014 
(epoch: 62, iters: 2560, time: 0.001, data: 0.023) G_GAN: 5.415 G_L1: 25.333 G_GD: 0.000 D_real: 0.008 D_fake: 0.020 
End of epoch 62 / 300 	 Time Taken: 10 sec
learning rate = 0.0002000
(epoch: 63, iters: 1280, time: 0.004, data: 1.584) G_GAN: 0.007 G_L1: 23.740 G_GD: 0.000 D_real: 0.938 D_fake: 0.002 
saving the latest model (epoch 63, total_steps 160000)
(epoch: 63, iters: 2560, time: 0.001, data: 0.017) G_GAN: 1.239 G_L1: 23.597 G_GD: 0.000 D_real: 1.465 D_fake: 0.367 
End of epoch 63 / 300 	 Time Taken: 11 sec
learning rate = 0.0002000
(epoch: 64, iters: 1280, time: 0.004, data: 1.515) G_GAN: 0.895 G_L1: 23.102 G_GD: 0.000 D_real: 0.671 D_fake: 0.559 
(epoch: 64, iters: 2560, time: 0.002, data: 0.032) G_GAN: 0.891 G_L1: 22.504 G_GD: 0.000 D_real: 0.569 D_fake: 0.564 
End of epoch 64 / 300 	 Time Taken: 11 sec
learning rate = 0.0002000
(epoch: 65, iters: 1280, time: 0.006, data: 1.962) G_GAN: 1.160 G_L1: 22.812 G_GD: 0.000 D_real: 0.484 D_fake: 0.537 
(epoch: 65, iters: 2560, time: 0.002, data: 0.029) G_GAN: 1.272 G_L1: 21.978 G_GD: 0.000 D_real: 0.578 D_fake: 0.342 
End of epoch 65 / 300 	 Time Taken: 15 sec
learning rate = 0.0002000
(epoch: 66, iters: 1280, time: 0.006, data: 1.631) G_GAN: 2.864 G_L1: 22.327 G_GD: 0.000 D_real: 0.210 D_fake: 0.264 
(epoch: 66, iters: 2560, time: 0.002, data: 0.024) G_GAN: 2.210 G_L1: 22.000 G_GD: 0.000 D_real: 0.294 D_fake: 0.085 
End of epoch 66 / 300 	 Time Taken: 15 sec
learning rate = 0.0002000
(epoch: 67, iters: 1280, time: 0.006, data: 1.439) G_GAN: 3.725 G_L1: 22.971 G_GD: 0.000 D_real: 0.051 D_fake: 0.065 
(epoch: 67, iters: 2560, time: 0.002, data: 0.026) G_GAN: 3.852 G_L1: 23.441 G_GD: 0.000 D_real: 0.054 D_fake: 0.014 
End of epoch 67 / 300 	 Time Taken: 15 sec
learning rate = 0.0002000
(epoch: 68, iters: 1280, time: 0.006, data: 1.399) G_GAN: 4.263 G_L1: 21.616 G_GD: 0.000 D_real: 0.036 D_fake: 0.018 
(epoch: 68, iters: 2560, time: 0.002, data: 0.021) G_GAN: 4.334 G_L1: 21.509 G_GD: 0.000 D_real: 0.024 D_fake: 0.020 
End of epoch 68 / 300 	 Time Taken: 15 sec
learning rate = 0.0002000
(epoch: 69, iters: 1280, time: 0.006, data: 1.515) G_GAN: 4.417 G_L1: 21.365 G_GD: 0.000 D_real: 0.021 D_fake: 0.017 
(epoch: 69, iters: 2560, time: 0.002, data: 0.021) G_GAN: 4.431 G_L1: 21.307 G_GD: 0.000 D_real: 0.017 D_fake: 0.021 
End of epoch 69 / 300 	 Time Taken: 15 sec
learning rate = 0.0002000
(epoch: 70, iters: 1280, time: 0.006, data: 1.539) G_GAN: 4.532 G_L1: 21.291 G_GD: 0.000 D_real: 0.022 D_fake: 0.011 
(epoch: 70, iters: 2560, time: 0.002, data: 0.023) G_GAN: 4.700 G_L1: 21.090 G_GD: 0.000 D_real: 0.018 D_fake: 0.017 
saving the model at the end of epoch 70, iters 179200
End of epoch 70 / 300 	 Time Taken: 16 sec
learning rate = 0.0002000
(epoch: 71, iters: 1280, time: 0.006, data: 1.380) G_GAN: 4.543 G_L1: 20.065 G_GD: 0.000 D_real: 0.019 D_fake: 0.013 
(epoch: 71, iters: 2560, time: 0.002, data: 0.028) G_GAN: 4.717 G_L1: 19.944 G_GD: 0.000 D_real: 0.017 D_fake: 0.011 
End of epoch 71 / 300 	 Time Taken: 15 sec
learning rate = 0.0002000
(epoch: 72, iters: 1280, time: 0.006, data: 1.465) G_GAN: 4.928 G_L1: 19.941 G_GD: 0.000 D_real: 0.011 D_fake: 0.020 
(epoch: 72, iters: 2560, time: 0.002, data: 0.021) G_GAN: 4.872 G_L1: 19.299 G_GD: 0.000 D_real: 0.010 D_fake: 0.018 
End of epoch 72 / 300 	 Time Taken: 15 sec
learning rate = 0.0002000
(epoch: 73, iters: 1280, time: 0.006, data: 1.571) G_GAN: 4.809 G_L1: 19.467 G_GD: 0.000 D_real: 0.012 D_fake: 0.014 
(epoch: 73, iters: 2560, time: 0.002, data: 0.022) G_GAN: 4.884 G_L1: 19.330 G_GD: 0.000 D_real: 0.012 D_fake: 0.012 
End of epoch 73 / 300 	 Time Taken: 15 sec
learning rate = 0.0002000
(epoch: 74, iters: 1280, time: 0.006, data: 2.137) G_GAN: 5.205 G_L1: 19.239 G_GD: 0.000 D_real: 0.009 D_fake: 0.015 
(epoch: 74, iters: 2560, time: 0.001, data: 0.021) G_GAN: 6.146 G_L1: 18.519 G_GD: 0.000 D_real: 0.006 D_fake: 0.032 
End of epoch 74 / 300 	 Time Taken: 14 sec
learning rate = 0.0002000
(epoch: 75, iters: 1280, time: 0.004, data: 1.437) G_GAN: 0.520 G_L1: 17.342 G_GD: 0.000 D_real: 0.384 D_fake: 1.830 
(epoch: 75, iters: 2560, time: 0.001, data: 0.022) G_GAN: 0.664 G_L1: 17.079 G_GD: 0.000 D_real: 0.733 D_fake: 0.816 
End of epoch 75 / 300 	 Time Taken: 10 sec
learning rate = 0.0002000
(epoch: 76, iters: 1280, time: 0.004, data: 1.440) G_GAN: 0.747 G_L1: 16.832 G_GD: 0.000 D_real: 0.681 D_fake: 0.757 
(epoch: 76, iters: 2560, time: 0.001, data: 0.026) G_GAN: 0.725 G_L1: 16.634 G_GD: 0.000 D_real: 0.714 D_fake: 0.688 
End of epoch 76 / 300 	 Time Taken: 10 sec
learning rate = 0.0002000
(epoch: 77, iters: 1280, time: 0.004, data: 1.486) G_GAN: 0.744 G_L1: 16.555 G_GD: 0.000 D_real: 0.685 D_fake: 0.700 
(epoch: 77, iters: 2560, time: 0.001, data: 0.033) G_GAN: 0.736 G_L1: 16.702 G_GD: 0.000 D_real: 0.675 D_fake: 0.689 
End of epoch 77 / 300 	 Time Taken: 10 sec
learning rate = 0.0002000
(epoch: 78, iters: 1280, time: 0.004, data: 1.509) G_GAN: 0.765 G_L1: 15.852 G_GD: 0.000 D_real: 0.676 D_fake: 0.669 
(epoch: 78, iters: 2560, time: 0.002, data: 0.024) G_GAN: 0.754 G_L1: 15.962 G_GD: 0.000 D_real: 0.669 D_fake: 0.657 
End of epoch 78 / 300 	 Time Taken: 11 sec
learning rate = 0.0002000
(epoch: 79, iters: 1280, time: 0.004, data: 1.553) G_GAN: 0.818 G_L1: 16.195 G_GD: 0.000 D_real: 0.655 D_fake: 0.684 
(epoch: 79, iters: 2560, time: 0.001, data: 0.021) G_GAN: 0.791 G_L1: 16.869 G_GD: 0.000 D_real: 0.671 D_fake: 0.615 
End of epoch 79 / 300 	 Time Taken: 11 sec
learning rate = 0.0002000
(epoch: 80, iters: 1280, time: 0.004, data: 1.526) G_GAN: 0.866 G_L1: 15.591 G_GD: 0.000 D_real: 0.618 D_fake: 0.627 
(epoch: 80, iters: 2560, time: 0.001, data: 0.025) G_GAN: 0.878 G_L1: 15.107 G_GD: 0.000 D_real: 0.657 D_fake: 0.591 
saving the model at the end of epoch 80, iters 204800
End of epoch 80 / 300 	 Time Taken: 11 sec
learning rate = 0.0002000
(epoch: 81, iters: 1280, time: 0.004, data: 1.371) G_GAN: 0.984 G_L1: 15.372 G_GD: 0.000 D_real: 0.542 D_fake: 0.605 
(epoch: 81, iters: 2560, time: 0.001, data: 0.027) G_GAN: 0.984 G_L1: 15.408 G_GD: 0.000 D_real: 0.589 D_fake: 0.492 
End of epoch 81 / 300 	 Time Taken: 10 sec
learning rate = 0.0002000
(epoch: 82, iters: 1280, time: 0.004, data: 1.460) G_GAN: 0.294 G_L1: 15.134 G_GD: 0.000 D_real: 0.872 D_fake: 0.380 
(epoch: 82, iters: 2560, time: 0.001, data: 0.021) G_GAN: 0.992 G_L1: 15.286 G_GD: 0.000 D_real: 0.908 D_fake: 0.439 
End of epoch 82 / 300 	 Time Taken: 11 sec
learning rate = 0.0002000
(epoch: 83, iters: 1280, time: 0.005, data: 1.514) G_GAN: 0.987 G_L1: 15.015 G_GD: 0.000 D_real: 0.561 D_fake: 0.463 
(epoch: 83, iters: 2560, time: 0.002, data: 0.025) G_GAN: 2.326 G_L1: 14.109 G_GD: 0.000 D_real: 0.096 D_fake: 1.666 
End of epoch 83 / 300 	 Time Taken: 13 sec
learning rate = 0.0002000
(epoch: 84, iters: 1280, time: 0.006, data: 1.526) G_GAN: 1.582 G_L1: 14.560 G_GD: 0.000 D_real: 0.360 D_fake: 0.513 
(epoch: 84, iters: 2560, time: 0.002, data: 0.031) G_GAN: 0.267 G_L1: 13.952 G_GD: 0.000 D_real: 1.299 D_fake: 0.071 
End of epoch 84 / 300 	 Time Taken: 15 sec
learning rate = 0.0002000
(epoch: 85, iters: 1280, time: 0.006, data: 1.455) G_GAN: 1.070 G_L1: 14.353 G_GD: 0.000 D_real: 0.574 D_fake: 0.206 
(epoch: 85, iters: 2560, time: 0.002, data: 0.028) G_GAN: 3.191 G_L1: 14.669 G_GD: 0.000 D_real: 0.072 D_fake: 1.007 
End of epoch 85 / 300 	 Time Taken: 15 sec
learning rate = 0.0002000
(epoch: 86, iters: 1280, time: 0.006, data: 1.407) G_GAN: 1.192 G_L1: 13.993 G_GD: 0.000 D_real: 0.511 D_fake: 0.133 
(epoch: 86, iters: 2560, time: 0.002, data: 0.024) G_GAN: 1.784 G_L1: 13.773 G_GD: 0.000 D_real: 0.456 D_fake: 0.383 
End of epoch 86 / 300 	 Time Taken: 15 sec
learning rate = 0.0002000
(epoch: 87, iters: 1280, time: 0.006, data: 1.440) G_GAN: 0.077 G_L1: 13.928 G_GD: 0.000 D_real: 0.977 D_fake: 0.027 
(epoch: 87, iters: 2560, time: 0.002, data: 0.025) G_GAN: 0.280 G_L1: 14.102 G_GD: 0.000 D_real: 0.803 D_fake: 0.055 
End of epoch 87 / 300 	 Time Taken: 15 sec
learning rate = 0.0002000
(epoch: 88, iters: 1280, time: 0.006, data: 1.560) G_GAN: 1.175 G_L1: 13.381 G_GD: 0.000 D_real: 0.446 D_fake: 0.202 
(epoch: 88, iters: 2560, time: 0.002, data: 0.025) G_GAN: 3.664 G_L1: 13.460 G_GD: 0.000 D_real: 0.093 D_fake: 0.430 
End of epoch 88 / 300 	 Time Taken: 15 sec
learning rate = 0.0002000
(epoch: 89, iters: 1280, time: 0.006, data: 1.539) G_GAN: 2.312 G_L1: 13.473 G_GD: 0.000 D_real: 0.267 D_fake: 0.157 
(epoch: 89, iters: 2560, time: 0.002, data: 0.023) G_GAN: 2.844 G_L1: 13.284 G_GD: 0.000 D_real: 0.101 D_fake: 0.260 
End of epoch 89 / 300 	 Time Taken: 15 sec
learning rate = 0.0002000
(epoch: 90, iters: 1280, time: 0.006, data: 1.548) G_GAN: 1.226 G_L1: 13.465 G_GD: 0.000 D_real: 0.347 D_fake: 0.041 
(epoch: 90, iters: 2560, time: 0.002, data: 0.020) G_GAN: 2.587 G_L1: 13.038 G_GD: 0.000 D_real: 0.028 D_fake: 2.116 
saving the model at the end of epoch 90, iters 230400
End of epoch 90 / 300 	 Time Taken: 16 sec
learning rate = 0.0002000
(epoch: 91, iters: 1280, time: 0.006, data: 1.543) G_GAN: 3.093 G_L1: 13.154 G_GD: 0.000 D_real: 0.076 D_fake: 0.412 
(epoch: 91, iters: 2560, time: 0.002, data: 0.022) G_GAN: 2.727 G_L1: 12.958 G_GD: 0.000 D_real: 0.095 D_fake: 0.153 
End of epoch 91 / 300 	 Time Taken: 15 sec
learning rate = 0.0002000
(epoch: 92, iters: 1280, time: 0.006, data: 2.081) G_GAN: 3.004 G_L1: 13.229 G_GD: 0.000 D_real: 0.090 D_fake: 0.106 
(epoch: 92, iters: 2560, time: 0.002, data: 0.024) G_GAN: 0.076 G_L1: 12.980 G_GD: 0.000 D_real: 0.873 D_fake: 0.008 
End of epoch 92 / 300 	 Time Taken: 15 sec
learning rate = 0.0002000
(epoch: 93, iters: 1280, time: 0.004, data: 1.503) G_GAN: 1.745 G_L1: 12.590 G_GD: 0.000 D_real: 0.325 D_fake: 0.088 
(epoch: 93, iters: 2560, time: 0.001, data: 0.020) G_GAN: 2.787 G_L1: 12.853 G_GD: 0.000 D_real: 0.089 D_fake: 0.137 
End of epoch 93 / 300 	 Time Taken: 12 sec
learning rate = 0.0002000
(epoch: 94, iters: 1280, time: 0.004, data: 1.405) G_GAN: 2.714 G_L1: 12.770 G_GD: 0.000 D_real: 0.082 D_fake: 0.097 
(epoch: 94, iters: 2560, time: 0.001, data: 0.027) G_GAN: 2.535 G_L1: 12.553 G_GD: 0.000 D_real: 0.103 D_fake: 0.067 
End of epoch 94 / 300 	 Time Taken: 10 sec
learning rate = 0.0002000
(epoch: 95, iters: 1280, time: 0.004, data: 1.491) G_GAN: 2.811 G_L1: 12.339 G_GD: 0.000 D_real: 0.082 D_fake: 0.055 
(epoch: 95, iters: 2560, time: 0.001, data: 0.025) G_GAN: 3.286 G_L1: 12.595 G_GD: 0.000 D_real: 0.060 D_fake: 0.067 
End of epoch 95 / 300 	 Time Taken: 10 sec
learning rate = 0.0002000
(epoch: 96, iters: 1280, time: 0.004, data: 1.375) G_GAN: 2.724 G_L1: 12.262 G_GD: 0.000 D_real: 0.089 D_fake: 0.041 
(epoch: 96, iters: 2560, time: 0.001, data: 0.033) G_GAN: 2.918 G_L1: 12.513 G_GD: 0.000 D_real: 0.067 D_fake: 0.045 
End of epoch 96 / 300 	 Time Taken: 10 sec
learning rate = 0.0002000
(epoch: 97, iters: 1280, time: 0.004, data: 1.490) G_GAN: 2.540 G_L1: 11.949 G_GD: 0.000 D_real: 0.083 D_fake: 0.034 
(epoch: 97, iters: 2560, time: 0.002, data: 0.025) G_GAN: 6.810 G_L1: 11.565 G_GD: 0.000 D_real: 0.008 D_fake: 0.452 
End of epoch 97 / 300 	 Time Taken: 11 sec
learning rate = 0.0002000
(epoch: 98, iters: 1280, time: 0.004, data: 1.494) G_GAN: 2.459 G_L1: 11.511 G_GD: 0.000 D_real: 1.490 D_fake: 0.603 
(epoch: 98, iters: 2560, time: 0.001, data: 0.026) G_GAN: 1.330 G_L1: 11.126 G_GD: 0.000 D_real: 0.447 D_fake: 0.460 
End of epoch 98 / 300 	 Time Taken: 10 sec
learning rate = 0.0002000
(epoch: 99, iters: 1280, time: 0.004, data: 1.525) G_GAN: 1.376 G_L1: 11.262 G_GD: 0.000 D_real: 0.429 D_fake: 0.222 
(epoch: 99, iters: 2560, time: 0.001, data: 0.029) G_GAN: 3.355 G_L1: 11.375 G_GD: 0.000 D_real: 0.083 D_fake: 0.427 
End of epoch 99 / 300 	 Time Taken: 10 sec
learning rate = 0.0002000
(epoch: 100, iters: 1280, time: 0.004, data: 1.511) G_GAN: 1.817 G_L1: 11.102 G_GD: 0.000 D_real: 0.556 D_fake: 0.100 
(epoch: 100, iters: 2560, time: 0.001, data: 0.023) G_GAN: 2.121 G_L1: 10.956 G_GD: 0.000 D_real: 0.222 D_fake: 0.095 
saving the model at the end of epoch 100, iters 256000
End of epoch 100 / 300 	 Time Taken: 11 sec
learning rate = 0.0002000
(epoch: 101, iters: 1280, time: 0.004, data: 1.552) G_GAN: 2.387 G_L1: 10.867 G_GD: 0.000 D_real: 0.130 D_fake: 0.083 
(epoch: 101, iters: 2560, time: 0.001, data: 0.023) G_GAN: 2.423 G_L1: 11.517 G_GD: 0.000 D_real: 0.110 D_fake: 0.058 
End of epoch 101 / 300 	 Time Taken: 10 sec
learning rate = 0.0002000
(epoch: 102, iters: 1280, time: 0.005, data: 1.496) G_GAN: 2.163 G_L1: 10.435 G_GD: 0.000 D_real: 0.003 D_fake: 3.868 
(epoch: 102, iters: 2560, time: 0.002, data: 0.026) G_GAN: 1.977 G_L1: 10.613 G_GD: 0.000 D_real: 0.425 D_fake: 0.094 
End of epoch 102 / 300 	 Time Taken: 12 sec
learning rate = 0.0002000
(epoch: 103, iters: 1280, time: 0.006, data: 1.497) G_GAN: 2.832 G_L1: 10.432 G_GD: 0.000 D_real: 0.097 D_fake: 0.130 
(epoch: 103, iters: 2560, time: 0.002, data: 0.023) G_GAN: 2.556 G_L1: 10.497 G_GD: 0.000 D_real: 0.113 D_fake: 0.070 
End of epoch 103 / 300 	 Time Taken: 15 sec
learning rate = 0.0002000
(epoch: 104, iters: 1280, time: 0.006, data: 1.531) G_GAN: 2.396 G_L1: 10.535 G_GD: 0.000 D_real: 0.133 D_fake: 0.035 
(epoch: 104, iters: 2560, time: 0.002, data: 0.022) G_GAN: 2.811 G_L1: 10.883 G_GD: 0.000 D_real: 0.087 D_fake: 0.045 
End of epoch 104 / 300 	 Time Taken: 15 sec
learning rate = 0.0002000
(epoch: 105, iters: 1280, time: 0.006, data: 1.494) G_GAN: 3.299 G_L1: 10.230 G_GD: 0.000 D_real: 0.048 D_fake: 0.089 
(epoch: 105, iters: 2560, time: 0.002, data: 0.024) G_GAN: 3.009 G_L1: 11.108 G_GD: 0.000 D_real: 0.053 D_fake: 0.056 
End of epoch 105 / 300 	 Time Taken: 15 sec
learning rate = 0.0002000
(epoch: 106, iters: 1280, time: 0.006, data: 1.413) G_GAN: 2.610 G_L1: 10.556 G_GD: 0.000 D_real: 0.092 D_fake: 0.028 
(epoch: 106, iters: 2560, time: 0.002, data: 0.025) G_GAN: 0.474 G_L1: 10.698 G_GD: 0.000 D_real: 0.036 D_fake: 2.803 
End of epoch 106 / 300 	 Time Taken: 15 sec
learning rate = 0.0002000
(epoch: 107, iters: 1280, time: 0.006, data: 1.394) G_GAN: 2.210 G_L1: 9.343 G_GD: 0.000 D_real: 0.296 D_fake: 0.224 
(epoch: 107, iters: 2560, time: 0.002, data: 0.020) G_GAN: 2.667 G_L1: 9.962 G_GD: 0.000 D_real: 0.109 D_fake: 0.091 
End of epoch 107 / 300 	 Time Taken: 15 sec
learning rate = 0.0002000
(epoch: 108, iters: 1280, time: 0.006, data: 1.387) G_GAN: 2.716 G_L1: 10.213 G_GD: 0.000 D_real: 0.092 D_fake: 0.051 
(epoch: 108, iters: 2560, time: 0.002, data: 0.023) G_GAN: 3.282 G_L1: 9.792 G_GD: 0.000 D_real: 0.048 D_fake: 0.073 
End of epoch 108 / 300 	 Time Taken: 15 sec
learning rate = 0.0002000
(epoch: 109, iters: 1280, time: 0.006, data: 1.544) G_GAN: 3.498 G_L1: 9.636 G_GD: 0.000 D_real: 0.049 D_fake: 0.070 
(epoch: 109, iters: 2560, time: 0.002, data: 0.021) G_GAN: 2.859 G_L1: 9.503 G_GD: 0.000 D_real: 0.074 D_fake: 0.039 
End of epoch 109 / 300 	 Time Taken: 15 sec
learning rate = 0.0002000
(epoch: 110, iters: 1280, time: 0.006, data: 1.762) G_GAN: 2.998 G_L1: 9.608 G_GD: 0.000 D_real: 0.067 D_fake: 0.041 
(epoch: 110, iters: 2560, time: 0.002, data: 0.029) G_GAN: 5.063 G_L1: 9.334 G_GD: 0.000 D_real: 0.023 D_fake: 0.153 
saving the model at the end of epoch 110, iters 281600
End of epoch 110 / 300 	 Time Taken: 16 sec
learning rate = 0.0002000
(epoch: 111, iters: 1280, time: 0.006, data: 1.518) G_GAN: 1.067 G_L1: 8.631 G_GD: 0.000 D_real: 0.304 D_fake: 1.424 
(epoch: 111, iters: 2560, time: 0.002, data: 0.025) G_GAN: 1.043 G_L1: 8.487 G_GD: 0.000 D_real: 0.483 D_fake: 0.637 
End of epoch 111 / 300 	 Time Taken: 15 sec
learning rate = 0.0002000
(epoch: 112, iters: 1280, time: 0.004, data: 1.503) G_GAN: 1.178 G_L1: 8.811 G_GD: 0.000 D_real: 0.506 D_fake: 0.386 
(epoch: 112, iters: 2560, time: 0.001, data: 0.022) G_GAN: 1.405 G_L1: 8.565 G_GD: 0.000 D_real: 0.313 D_fake: 0.412 
End of epoch 112 / 300 	 Time Taken: 12 sec
learning rate = 0.0002000
(epoch: 113, iters: 1280, time: 0.004, data: 1.502) G_GAN: 1.660 G_L1: 8.559 G_GD: 0.000 D_real: 0.239 D_fake: 0.324 
(epoch: 113, iters: 2560, time: 0.001, data: 0.022) G_GAN: 1.584 G_L1: 8.692 G_GD: 0.000 D_real: 0.277 D_fake: 0.172 
End of epoch 113 / 300 	 Time Taken: 10 sec
learning rate = 0.0002000
(epoch: 114, iters: 1280, time: 0.004, data: 1.488) G_GAN: 4.505 G_L1: 8.442 G_GD: 0.000 D_real: 0.025 D_fake: 1.000 
(epoch: 114, iters: 2560, time: 0.001, data: 0.025) G_GAN: 1.881 G_L1: 8.308 G_GD: 0.000 D_real: 0.360 D_fake: 0.168 
End of epoch 114 / 300 	 Time Taken: 10 sec
learning rate = 0.0002000
(epoch: 115, iters: 1280, time: 0.004, data: 1.441) G_GAN: 0.384 G_L1: 8.324 G_GD: 0.000 D_real: 0.865 D_fake: 0.018 
(epoch: 115, iters: 2560, time: 0.001, data: 0.040) G_GAN: 1.627 G_L1: 8.117 G_GD: 0.000 D_real: 0.263 D_fake: 0.079 
End of epoch 115 / 300 	 Time Taken: 10 sec
learning rate = 0.0002000
(epoch: 116, iters: 1280, time: 0.004, data: 1.459) G_GAN: 2.809 G_L1: 8.498 G_GD: 0.000 D_real: 0.101 D_fake: 0.115 
(epoch: 116, iters: 2560, time: 0.002, data: 0.020) G_GAN: 2.755 G_L1: 8.330 G_GD: 0.000 D_real: 0.078 D_fake: 0.133 
End of epoch 116 / 300 	 Time Taken: 12 sec
learning rate = 0.0002000
(epoch: 117, iters: 1280, time: 0.004, data: 1.889) G_GAN: 2.920 G_L1: 8.308 G_GD: 0.000 D_real: 0.085 D_fake: 0.079 
(epoch: 117, iters: 2560, time: 0.001, data: 0.027) G_GAN: 4.109 G_L1: 8.260 G_GD: 0.000 D_real: 0.037 D_fake: 0.165 
End of epoch 117 / 300 	 Time Taken: 11 sec
learning rate = 0.0002000
(epoch: 118, iters: 1280, time: 0.004, data: 1.496) G_GAN: 2.952 G_L1: 8.052 G_GD: 0.000 D_real: 0.175 D_fake: 0.656 
(epoch: 118, iters: 2560, time: 0.001, data: 0.033) G_GAN: 2.404 G_L1: 7.963 G_GD: 0.000 D_real: 0.079 D_fake: 0.222 
End of epoch 118 / 300 	 Time Taken: 10 sec
learning rate = 0.0002000
(epoch: 119, iters: 1280, time: 0.004, data: 2.020) G_GAN: 2.607 G_L1: 8.030 G_GD: 0.000 D_real: 0.108 D_fake: 0.071 
(epoch: 119, iters: 2560, time: 0.001, data: 0.028) G_GAN: 2.822 G_L1: 8.261 G_GD: 0.000 D_real: 0.066 D_fake: 0.091 
End of epoch 119 / 300 	 Time Taken: 11 sec
learning rate = 0.0002000
(epoch: 120, iters: 1280, time: 0.004, data: 1.575) G_GAN: 2.525 G_L1: 8.542 G_GD: 0.000 D_real: 0.121 D_fake: 0.033 
(epoch: 120, iters: 2560, time: 0.001, data: 0.025) G_GAN: 3.108 G_L1: 8.121 G_GD: 0.000 D_real: 0.073 D_fake: 0.055 
saving the model at the end of epoch 120, iters 307200
End of epoch 120 / 300 	 Time Taken: 10 sec
learning rate = 0.0002000
(epoch: 121, iters: 1280, time: 0.006, data: 1.499) G_GAN: 3.427 G_L1: 8.151 G_GD: 0.000 D_real: 0.050 D_fake: 0.077 
(epoch: 121, iters: 2560, time: 0.002, data: 0.028) G_GAN: 3.826 G_L1: 8.014 G_GD: 0.000 D_real: 0.029 D_fake: 0.117 
End of epoch 121 / 300 	 Time Taken: 14 sec
learning rate = 0.0002000
(epoch: 122, iters: 1280, time: 0.006, data: 1.866) G_GAN: 0.030 G_L1: 7.664 G_GD: 0.000 D_real: 2.580 D_fake: 0.004 
(epoch: 122, iters: 2560, time: 0.002, data: 0.018) G_GAN: 2.638 G_L1: 7.440 G_GD: 0.000 D_real: 0.122 D_fake: 0.601 
End of epoch 122 / 300 	 Time Taken: 15 sec
learning rate = 0.0002000
(epoch: 123, iters: 1280, time: 0.006, data: 1.431) G_GAN: 2.685 G_L1: 7.434 G_GD: 0.000 D_real: 0.090 D_fake: 0.125 
(epoch: 123, iters: 2560, time: 0.002, data: 0.022) G_GAN: 2.719 G_L1: 7.634 G_GD: 0.000 D_real: 0.056 D_fake: 0.094 
End of epoch 123 / 300 	 Time Taken: 14 sec
learning rate = 0.0002000
(epoch: 124, iters: 1280, time: 0.006, data: 1.487) G_GAN: 3.041 G_L1: 7.606 G_GD: 0.000 D_real: 0.073 D_fake: 0.056 
(epoch: 124, iters: 2560, time: 0.002, data: 0.026) G_GAN: 2.863 G_L1: 7.714 G_GD: 0.000 D_real: 0.069 D_fake: 0.051 
End of epoch 124 / 300 	 Time Taken: 15 sec
learning rate = 0.0002000
(epoch: 125, iters: 1280, time: 0.006, data: 1.487) G_GAN: 3.127 G_L1: 7.599 G_GD: 0.000 D_real: 0.064 D_fake: 0.040 
(epoch: 125, iters: 2560, time: 0.002, data: 0.022) G_GAN: 2.733 G_L1: 7.452 G_GD: 0.000 D_real: 0.064 D_fake: 0.048 
saving the latest model (epoch 125, total_steps 320000)
End of epoch 125 / 300 	 Time Taken: 15 sec
learning rate = 0.0002000
(epoch: 126, iters: 1280, time: 0.006, data: 1.528) G_GAN: 3.197 G_L1: 7.723 G_GD: 0.000 D_real: 0.050 D_fake: 0.048 
(epoch: 126, iters: 2560, time: 0.002, data: 0.020) G_GAN: 2.787 G_L1: 7.483 G_GD: 0.000 D_real: 0.057 D_fake: 0.040 
End of epoch 126 / 300 	 Time Taken: 15 sec
learning rate = 0.0002000
(epoch: 127, iters: 1280, time: 0.006, data: 1.413) G_GAN: 0.448 G_L1: 7.040 G_GD: 0.000 D_real: 0.197 D_fake: 1.707 
(epoch: 127, iters: 2560, time: 0.002, data: 0.026) G_GAN: 1.244 G_L1: 6.416 G_GD: 0.000 D_real: 0.395 D_fake: 0.664 
End of epoch 127 / 300 	 Time Taken: 15 sec
learning rate = 0.0002000
(epoch: 128, iters: 1280, time: 0.006, data: 1.445) G_GAN: 1.435 G_L1: 7.378 G_GD: 0.000 D_real: 0.390 D_fake: 0.281 
(epoch: 128, iters: 2560, time: 0.002, data: 0.027) G_GAN: 2.396 G_L1: 6.643 G_GD: 0.000 D_real: 0.163 D_fake: 0.183 
End of epoch 128 / 300 	 Time Taken: 15 sec
learning rate = 0.0002000
(epoch: 129, iters: 1280, time: 0.006, data: 1.433) G_GAN: 2.825 G_L1: 6.987 G_GD: 0.000 D_real: 0.061 D_fake: 0.119 
(epoch: 129, iters: 2560, time: 0.002, data: 0.027) G_GAN: 2.713 G_L1: 7.053 G_GD: 0.000 D_real: 0.083 D_fake: 0.050 
End of epoch 129 / 300 	 Time Taken: 15 sec
learning rate = 0.0002000
(epoch: 130, iters: 1280, time: 0.006, data: 1.496) G_GAN: 4.345 G_L1: 7.092 G_GD: 0.000 D_real: 0.021 D_fake: 0.169 
(epoch: 130, iters: 2560, time: 0.002, data: 0.026) G_GAN: 0.016 G_L1: 6.791 G_GD: 0.000 D_real: 1.348 D_fake: 0.004 
saving the model at the end of epoch 130, iters 332800
End of epoch 130 / 300 	 Time Taken: 16 sec
learning rate = 0.0002000
(epoch: 131, iters: 1280, time: 0.004, data: 1.476) G_GAN: 2.080 G_L1: 6.531 G_GD: 0.000 D_real: 0.448 D_fake: 0.116 
(epoch: 131, iters: 2560, time: 0.001, data: 0.022) G_GAN: 2.361 G_L1: 6.883 G_GD: 0.000 D_real: 0.111 D_fake: 0.096 
End of epoch 131 / 300 	 Time Taken: 11 sec
learning rate = 0.0002000
(epoch: 132, iters: 1280, time: 0.004, data: 1.406) G_GAN: 2.876 G_L1: 6.816 G_GD: 0.000 D_real: 0.106 D_fake: 0.044 
(epoch: 132, iters: 2560, time: 0.001, data: 0.033) G_GAN: 3.142 G_L1: 6.782 G_GD: 0.000 D_real: 0.070 D_fake: 0.056 
End of epoch 132 / 300 	 Time Taken: 10 sec
learning rate = 0.0002000
(epoch: 133, iters: 1280, time: 0.004, data: 1.405) G_GAN: 3.409 G_L1: 6.650 G_GD: 0.000 D_real: 0.043 D_fake: 0.077 
(epoch: 133, iters: 2560, time: 0.001, data: 0.033) G_GAN: 3.095 G_L1: 6.427 G_GD: 0.000 D_real: 0.059 D_fake: 0.053 
End of epoch 133 / 300 	 Time Taken: 10 sec
learning rate = 0.0002000
(epoch: 134, iters: 1280, time: 0.004, data: 1.442) G_GAN: 3.374 G_L1: 6.722 G_GD: 0.000 D_real: 0.047 D_fake: 0.053 
(epoch: 134, iters: 2560, time: 0.001, data: 0.029) G_GAN: 3.343 G_L1: 6.895 G_GD: 0.000 D_real: 0.048 D_fake: 0.043 
End of epoch 134 / 300 	 Time Taken: 10 sec
learning rate = 0.0002000
(epoch: 135, iters: 1280, time: 0.006, data: 1.409) G_GAN: 3.400 G_L1: 6.355 G_GD: 0.000 D_real: 0.055 D_fake: 0.046 
(epoch: 135, iters: 2560, time: 0.001, data: 0.028) G_GAN: 3.547 G_L1: 6.433 G_GD: 0.000 D_real: 0.041 D_fake: 0.062 
End of epoch 135 / 300 	 Time Taken: 13 sec
learning rate = 0.0002000
(epoch: 136, iters: 1280, time: 0.004, data: 1.466) G_GAN: 3.614 G_L1: 6.379 G_GD: 0.000 D_real: 0.025 D_fake: 0.092 
(epoch: 136, iters: 2560, time: 0.001, data: 0.020) G_GAN: 3.251 G_L1: 6.892 G_GD: 0.000 D_real: 0.046 D_fake: 0.039 
End of epoch 136 / 300 	 Time Taken: 10 sec
learning rate = 0.0002000
(epoch: 137, iters: 1280, time: 0.004, data: 1.516) G_GAN: 3.910 G_L1: 6.650 G_GD: 0.000 D_real: 0.021 D_fake: 0.080 
(epoch: 137, iters: 2560, time: 0.001, data: 0.033) G_GAN: 3.195 G_L1: 6.460 G_GD: 0.000 D_real: 0.063 D_fake: 0.035 
End of epoch 137 / 300 	 Time Taken: 10 sec
learning rate = 0.0002000
(epoch: 138, iters: 1280, time: 0.004, data: 1.488) G_GAN: 7.377 G_L1: 5.860 G_GD: 0.000 D_real: 0.001 D_fake: 2.452 
(epoch: 138, iters: 2560, time: 0.001, data: 0.037) G_GAN: 1.480 G_L1: 5.793 G_GD: 0.000 D_real: 0.751 D_fake: 0.582 
End of epoch 138 / 300 	 Time Taken: 11 sec
learning rate = 0.0002000
(epoch: 139, iters: 1280, time: 0.004, data: 1.452) G_GAN: 0.968 G_L1: 5.986 G_GD: 0.000 D_real: 0.703 D_fake: 0.519 
(epoch: 139, iters: 2560, time: 0.001, data: 0.024) G_GAN: 0.903 G_L1: 5.501 G_GD: 0.000 D_real: 0.652 D_fake: 0.546 
End of epoch 139 / 300 	 Time Taken: 10 sec
learning rate = 0.0002000
(epoch: 140, iters: 1280, time: 0.006, data: 1.444) G_GAN: 0.961 G_L1: 5.421 G_GD: 0.000 D_real: 0.546 D_fake: 0.535 
(epoch: 140, iters: 2560, time: 0.002, data: 0.017) G_GAN: 1.091 G_L1: 5.459 G_GD: 0.000 D_real: 0.509 D_fake: 0.490 
saving the model at the end of epoch 140, iters 358400
End of epoch 140 / 300 	 Time Taken: 15 sec
learning rate = 0.0002000
(epoch: 141, iters: 1280, time: 0.006, data: 1.571) G_GAN: 1.204 G_L1: 5.488 G_GD: 0.000 D_real: 0.371 D_fake: 0.494 
(epoch: 141, iters: 2560, time: 0.002, data: 0.015) G_GAN: 1.179 G_L1: 5.518 G_GD: 0.000 D_real: 0.395 D_fake: 0.309 
End of epoch 141 / 300 	 Time Taken: 15 sec
learning rate = 0.0002000
(epoch: 142, iters: 1280, time: 0.006, data: 1.408) G_GAN: 2.397 G_L1: 5.416 G_GD: 0.000 D_real: 0.051 D_fake: 1.298 
(epoch: 142, iters: 2560, time: 0.002, data: 0.023) G_GAN: 2.368 G_L1: 5.554 G_GD: 0.000 D_real: 0.157 D_fake: 0.387 
End of epoch 142 / 300 	 Time Taken: 15 sec
learning rate = 0.0002000
(epoch: 143, iters: 1280, time: 0.006, data: 1.534) G_GAN: 0.262 G_L1: 5.347 G_GD: 0.000 D_real: 1.277 D_fake: 0.019 
(epoch: 143, iters: 2560, time: 0.002, data: 0.015) G_GAN: 1.807 G_L1: 5.289 G_GD: 0.000 D_real: 0.212 D_fake: 0.157 
End of epoch 143 / 300 	 Time Taken: 15 sec
learning rate = 0.0002000
(epoch: 144, iters: 1280, time: 0.006, data: 1.629) G_GAN: 2.932 G_L1: 5.573 G_GD: 0.000 D_real: 0.076 D_fake: 0.120 
(epoch: 144, iters: 2560, time: 0.002, data: 0.015) G_GAN: 2.762 G_L1: 5.557 G_GD: 0.000 D_real: 0.091 D_fake: 0.072 
End of epoch 144 / 300 	 Time Taken: 15 sec
learning rate = 0.0002000
(epoch: 145, iters: 1280, time: 0.006, data: 1.591) G_GAN: 3.808 G_L1: 5.922 G_GD: 0.000 D_real: 0.027 D_fake: 0.154 
(epoch: 145, iters: 2560, time: 0.002, data: 0.031) G_GAN: 2.759 G_L1: 5.293 G_GD: 0.000 D_real: 0.070 D_fake: 0.068 
End of epoch 145 / 300 	 Time Taken: 15 sec
learning rate = 0.0002000
(epoch: 146, iters: 1280, time: 0.006, data: 1.571) G_GAN: 3.214 G_L1: 5.677 G_GD: 0.000 D_real: 0.062 D_fake: 0.053 
(epoch: 146, iters: 2560, time: 0.002, data: 0.018) G_GAN: 2.592 G_L1: 5.511 G_GD: 0.000 D_real: 0.093 D_fake: 0.033 
End of epoch 146 / 300 	 Time Taken: 15 sec
learning rate = 0.0002000
(epoch: 147, iters: 1280, time: 0.006, data: 1.501) G_GAN: 2.257 G_L1: 5.490 G_GD: 0.000 D_real: 0.116 D_fake: 0.027 
(epoch: 147, iters: 2560, time: 0.002, data: 0.022) G_GAN: 6.513 G_L1: 5.449 G_GD: 0.000 D_real: 0.009 D_fake: 0.379 
End of epoch 147 / 300 	 Time Taken: 15 sec
learning rate = 0.0002000
(epoch: 148, iters: 1280, time: 0.006, data: 1.539) G_GAN: 2.801 G_L1: 5.185 G_GD: 0.000 D_real: 0.103 D_fake: 0.808 
(epoch: 148, iters: 2560, time: 0.002, data: 0.025) G_GAN: 2.734 G_L1: 4.842 G_GD: 0.000 D_real: 0.096 D_fake: 0.296 
End of epoch 148 / 300 	 Time Taken: 15 sec
learning rate = 0.0002000
(epoch: 149, iters: 1280, time: 0.006, data: 1.547) G_GAN: 2.581 G_L1: 5.171 G_GD: 0.000 D_real: 0.081 D_fake: 0.092 
(epoch: 149, iters: 2560, time: 0.001, data: 0.024) G_GAN: 2.926 G_L1: 5.382 G_GD: 0.000 D_real: 0.076 D_fake: 0.063 
End of epoch 149 / 300 	 Time Taken: 15 sec
learning rate = 0.0002000
(epoch: 150, iters: 1280, time: 0.004, data: 2.250) G_GAN: 3.336 G_L1: 5.234 G_GD: 0.000 D_real: 0.051 D_fake: 0.075 
(epoch: 150, iters: 2560, time: 0.001, data: 0.027) G_GAN: 3.397 G_L1: 5.159 G_GD: 0.000 D_real: 0.041 D_fake: 0.101 
saving the model at the end of epoch 150, iters 384000
End of epoch 150 / 300 	 Time Taken: 12 sec
learning rate = 0.0002000
(epoch: 151, iters: 1280, time: 0.004, data: 1.394) G_GAN: 3.312 G_L1: 5.058 G_GD: 0.000 D_real: 0.050 D_fake: 0.067 
(epoch: 151, iters: 2560, time: 0.001, data: 0.025) G_GAN: 2.580 G_L1: 5.326 G_GD: 0.000 D_real: 0.099 D_fake: 0.031 
End of epoch 151 / 300 	 Time Taken: 10 sec
learning rate = 0.0002000
(epoch: 152, iters: 1280, time: 0.004, data: 1.518) G_GAN: 2.625 G_L1: 5.096 G_GD: 0.000 D_real: 0.104 D_fake: 0.028 
(epoch: 152, iters: 2560, time: 0.001, data: 0.037) G_GAN: 3.261 G_L1: 5.432 G_GD: 0.000 D_real: 0.046 D_fake: 0.062 
End of epoch 152 / 300 	 Time Taken: 11 sec
learning rate = 0.0002000
(epoch: 153, iters: 1280, time: 0.004, data: 1.515) G_GAN: 3.198 G_L1: 4.986 G_GD: 0.000 D_real: 0.054 D_fake: 0.049 
(epoch: 153, iters: 2560, time: 0.001, data: 0.037) G_GAN: 3.692 G_L1: 5.092 G_GD: 0.000 D_real: 0.032 D_fake: 0.071 
End of epoch 153 / 300 	 Time Taken: 10 sec
learning rate = 0.0002000
(epoch: 154, iters: 1280, time: 0.006, data: 1.501) G_GAN: 3.369 G_L1: 5.340 G_GD: 0.000 D_real: 0.051 D_fake: 0.043 
(epoch: 154, iters: 2560, time: 0.001, data: 0.025) G_GAN: 2.980 G_L1: 5.037 G_GD: 0.000 D_real: 0.082 D_fake: 0.023 
End of epoch 154 / 300 	 Time Taken: 12 sec
learning rate = 0.0002000
(epoch: 155, iters: 1280, time: 0.004, data: 1.546) G_GAN: 3.406 G_L1: 5.052 G_GD: 0.000 D_real: 0.048 D_fake: 0.051 
(epoch: 155, iters: 2560, time: 0.001, data: 0.025) G_GAN: 5.365 G_L1: 4.988 G_GD: 0.000 D_real: 0.017 D_fake: 0.198 
End of epoch 155 / 300 	 Time Taken: 10 sec
learning rate = 0.0002000
(epoch: 156, iters: 1280, time: 0.004, data: 1.451) G_GAN: 0.559 G_L1: 4.543 G_GD: 0.000 D_real: 0.144 D_fake: 2.102 
(epoch: 156, iters: 2560, time: 0.001, data: 0.020) G_GAN: 1.087 G_L1: 4.203 G_GD: 0.000 D_real: 0.451 D_fake: 0.809 
End of epoch 156 / 300 	 Time Taken: 10 sec
learning rate = 0.0002000
(epoch: 157, iters: 1280, time: 0.004, data: 1.498) G_GAN: 1.035 G_L1: 4.406 G_GD: 0.000 D_real: 0.584 D_fake: 0.437 
(epoch: 157, iters: 2560, time: 0.001, data: 0.027) G_GAN: 1.106 G_L1: 4.271 G_GD: 0.000 D_real: 0.437 D_fake: 0.432 
End of epoch 157 / 300 	 Time Taken: 10 sec
learning rate = 0.0002000
(epoch: 158, iters: 1280, time: 0.004, data: 1.544) G_GAN: 1.373 G_L1: 4.300 G_GD: 0.000 D_real: 0.364 D_fake: 0.358 
(epoch: 158, iters: 2560, time: 0.001, data: 0.027) G_GAN: 0.301 G_L1: 4.568 G_GD: 0.000 D_real: 0.755 D_fake: 0.101 
End of epoch 158 / 300 	 Time Taken: 10 sec
learning rate = 0.0002000
(epoch: 159, iters: 1280, time: 0.006, data: 1.581) G_GAN: 1.427 G_L1: 4.272 G_GD: 0.000 D_real: 0.261 D_fake: 0.276 
(epoch: 159, iters: 2560, time: 0.002, data: 0.036) G_GAN: 4.370 G_L1: 4.062 G_GD: 0.000 D_real: 0.037 D_fake: 0.854 
End of epoch 159 / 300 	 Time Taken: 15 sec
learning rate = 0.0002000
(epoch: 160, iters: 1280, time: 0.006, data: 1.495) G_GAN: 2.966 G_L1: 4.335 G_GD: 0.000 D_real: 0.140 D_fake: 0.126 
(epoch: 160, iters: 2560, time: 0.002, data: 0.022) G_GAN: 2.354 G_L1: 4.403 G_GD: 0.000 D_real: 0.094 D_fake: 0.082 
saving the model at the end of epoch 160, iters 409600
End of epoch 160 / 300 	 Time Taken: 16 sec
learning rate = 0.0002000
(epoch: 161, iters: 1280, time: 0.006, data: 1.467) G_GAN: 3.089 G_L1: 4.451 G_GD: 0.000 D_real: 0.075 D_fake: 0.061 
(epoch: 161, iters: 2560, time: 0.002, data: 0.021) G_GAN: 3.388 G_L1: 4.422 G_GD: 0.000 D_real: 0.049 D_fake: 0.078 
End of epoch 161 / 300 	 Time Taken: 15 sec
learning rate = 0.0002000
(epoch: 162, iters: 1280, time: 0.006, data: 1.460) G_GAN: 3.236 G_L1: 4.639 G_GD: 0.000 D_real: 0.037 D_fake: 0.099 
(epoch: 162, iters: 2560, time: 0.002, data: 0.022) G_GAN: 2.979 G_L1: 4.689 G_GD: 0.000 D_real: 0.060 D_fake: 0.050 
End of epoch 162 / 300 	 Time Taken: 15 sec
learning rate = 0.0002000
(epoch: 163, iters: 1280, time: 0.006, data: 1.573) G_GAN: 2.888 G_L1: 4.365 G_GD: 0.000 D_real: 0.084 D_fake: 0.038 
(epoch: 163, iters: 2560, time: 0.002, data: 0.024) G_GAN: 3.630 G_L1: 4.646 G_GD: 0.000 D_real: 0.034 D_fake: 0.082 
End of epoch 163 / 300 	 Time Taken: 15 sec
learning rate = 0.0002000
(epoch: 164, iters: 1280, time: 0.006, data: 1.524) G_GAN: 3.319 G_L1: 4.665 G_GD: 0.000 D_real: 0.065 D_fake: 0.031 
(epoch: 164, iters: 2560, time: 0.002, data: 0.024) G_GAN: 3.608 G_L1: 4.195 G_GD: 0.000 D_real: 0.043 D_fake: 0.071 
End of epoch 164 / 300 	 Time Taken: 15 sec
learning rate = 0.0002000
(epoch: 165, iters: 1280, time: 0.006, data: 1.522) G_GAN: 3.320 G_L1: 4.433 G_GD: 0.000 D_real: 0.041 D_fake: 0.071 
(epoch: 165, iters: 2560, time: 0.002, data: 0.023) G_GAN: 3.064 G_L1: 4.538 G_GD: 0.000 D_real: 0.069 D_fake: 0.035 
End of epoch 165 / 300 	 Time Taken: 15 sec
learning rate = 0.0002000
(epoch: 166, iters: 1280, time: 0.006, data: 1.413) G_GAN: 3.464 G_L1: 4.634 G_GD: 0.000 D_real: 0.052 D_fake: 0.046 
(epoch: 166, iters: 2560, time: 0.002, data: 0.033) G_GAN: 3.225 G_L1: 4.386 G_GD: 0.000 D_real: 0.055 D_fake: 0.057 
End of epoch 166 / 300 	 Time Taken: 15 sec
learning rate = 0.0002000
(epoch: 167, iters: 1280, time: 0.006, data: 1.561) G_GAN: 7.265 G_L1: 4.563 G_GD: 0.000 D_real: 0.005 D_fake: 0.895 
(epoch: 167, iters: 2560, time: 0.002, data: 0.027) G_GAN: 1.811 G_L1: 3.829 G_GD: 0.000 D_real: 0.170 D_fake: 0.872 
End of epoch 167 / 300 	 Time Taken: 15 sec
learning rate = 0.0002000
(epoch: 168, iters: 1280, time: 0.006, data: 1.391) G_GAN: 2.489 G_L1: 4.203 G_GD: 0.000 D_real: 0.087 D_fake: 0.127 
(epoch: 168, iters: 2560, time: 0.001, data: 0.032) G_GAN: 2.925 G_L1: 4.297 G_GD: 0.000 D_real: 0.071 D_fake: 0.080 
End of epoch 168 / 300 	 Time Taken: 14 sec
learning rate = 0.0002000
(epoch: 169, iters: 1280, time: 0.004, data: 1.548) G_GAN: 2.661 G_L1: 4.203 G_GD: 0.000 D_real: 0.075 D_fake: 0.071 
(epoch: 169, iters: 2560, time: 0.001, data: 0.027) G_GAN: 3.336 G_L1: 4.309 G_GD: 0.000 D_real: 0.058 D_fake: 0.080 
End of epoch 169 / 300 	 Time Taken: 10 sec
learning rate = 0.0002000
(epoch: 170, iters: 1280, time: 0.004, data: 1.560) G_GAN: 3.415 G_L1: 4.643 G_GD: 0.000 D_real: 0.051 D_fake: 0.056 
(epoch: 170, iters: 2560, time: 0.001, data: 0.018) G_GAN: 3.020 G_L1: 4.385 G_GD: 0.000 D_real: 0.065 D_fake: 0.055 
saving the model at the end of epoch 170, iters 435200
End of epoch 170 / 300 	 Time Taken: 11 sec
learning rate = 0.0002000
(epoch: 171, iters: 1280, time: 0.004, data: 1.555) G_GAN: 3.549 G_L1: 4.920 G_GD: 0.000 D_real: 0.059 D_fake: 0.097 
(epoch: 171, iters: 2560, time: 0.001, data: 0.035) G_GAN: 2.939 G_L1: 4.613 G_GD: 0.000 D_real: 0.065 D_fake: 0.070 
End of epoch 171 / 300 	 Time Taken: 11 sec
learning rate = 0.0002000
(epoch: 172, iters: 1280, time: 0.004, data: 1.463) G_GAN: 4.811 G_L1: 4.649 G_GD: 0.000 D_real: 0.026 D_fake: 0.201 
(epoch: 172, iters: 2560, time: 0.001, data: 0.022) G_GAN: 0.506 G_L1: 3.952 G_GD: 0.000 D_real: 0.049 D_fake: 3.032 
End of epoch 172 / 300 	 Time Taken: 11 sec
learning rate = 0.0002000
(epoch: 173, iters: 1280, time: 0.004, data: 1.465) G_GAN: 1.291 G_L1: 3.760 G_GD: 0.000 D_real: 0.464 D_fake: 0.533 
(epoch: 173, iters: 2560, time: 0.001, data: 0.021) G_GAN: 1.194 G_L1: 3.628 G_GD: 0.000 D_real: 0.438 D_fake: 0.360 
End of epoch 173 / 300 	 Time Taken: 12 sec
learning rate = 0.0002000
(epoch: 174, iters: 1280, time: 0.004, data: 1.494) G_GAN: 2.104 G_L1: 3.663 G_GD: 0.000 D_real: 0.169 D_fake: 0.225 
(epoch: 174, iters: 2560, time: 0.001, data: 0.023) G_GAN: 2.748 G_L1: 3.939 G_GD: 0.000 D_real: 0.102 D_fake: 0.051 
End of epoch 174 / 300 	 Time Taken: 10 sec
learning rate = 0.0002000
(epoch: 175, iters: 1280, time: 0.004, data: 1.436) G_GAN: 3.101 G_L1: 3.898 G_GD: 0.000 D_real: 0.086 D_fake: 0.049 
(epoch: 175, iters: 2560, time: 0.001, data: 0.020) G_GAN: 2.925 G_L1: 3.778 G_GD: 0.000 D_real: 0.085 D_fake: 0.049 
End of epoch 175 / 300 	 Time Taken: 10 sec
learning rate = 0.0002000
(epoch: 176, iters: 1280, time: 0.004, data: 1.456) G_GAN: 3.179 G_L1: 4.009 G_GD: 0.000 D_real: 0.063 D_fake: 0.044 
(epoch: 176, iters: 2560, time: 0.001, data: 0.021) G_GAN: 3.792 G_L1: 3.868 G_GD: 0.000 D_real: 0.038 D_fake: 0.077 
End of epoch 176 / 300 	 Time Taken: 10 sec
learning rate = 0.0002000
(epoch: 177, iters: 1280, time: 0.004, data: 1.505) G_GAN: 3.499 G_L1: 4.097 G_GD: 0.000 D_real: 0.038 D_fake: 0.079 
(epoch: 177, iters: 2560, time: 0.002, data: 0.041) G_GAN: 0.237 G_L1: 4.362 G_GD: 0.000 D_real: 0.530 D_fake: 0.007 
End of epoch 177 / 300 	 Time Taken: 12 sec
learning rate = 0.0002000
(epoch: 178, iters: 1280, time: 0.006, data: 1.859) G_GAN: 2.474 G_L1: 3.807 G_GD: 0.000 D_real: 0.416 D_fake: 0.350 
(epoch: 178, iters: 2560, time: 0.002, data: 0.023) G_GAN: 2.790 G_L1: 3.420 G_GD: 0.000 D_real: 0.111 D_fake: 0.159 
End of epoch 178 / 300 	 Time Taken: 15 sec
learning rate = 0.0002000
(epoch: 179, iters: 1280, time: 0.006, data: 1.532) G_GAN: 2.799 G_L1: 3.675 G_GD: 0.000 D_real: 0.077 D_fake: 0.089 
(epoch: 179, iters: 2560, time: 0.002, data: 0.022) G_GAN: 3.148 G_L1: 4.036 G_GD: 0.000 D_real: 0.058 D_fake: 0.059 
End of epoch 179 / 300 	 Time Taken: 15 sec
learning rate = 0.0002000
(epoch: 180, iters: 1280, time: 0.006, data: 1.990) G_GAN: 2.884 G_L1: 3.813 G_GD: 0.000 D_real: 0.056 D_fake: 0.081 
(epoch: 180, iters: 2560, time: 0.002, data: 0.034) G_GAN: 3.177 G_L1: 3.841 G_GD: 0.000 D_real: 0.056 D_fake: 0.066 
saving the model at the end of epoch 180, iters 460800
End of epoch 180 / 300 	 Time Taken: 16 sec
learning rate = 0.0002000
(epoch: 181, iters: 1280, time: 0.006, data: 1.490) G_GAN: 3.056 G_L1: 4.344 G_GD: 0.000 D_real: 0.066 D_fake: 0.092 
(epoch: 181, iters: 2560, time: 0.002, data: 0.025) G_GAN: 1.615 G_L1: 4.531 G_GD: 0.000 D_real: 0.257 D_fake: 0.016 
End of epoch 181 / 300 	 Time Taken: 15 sec
learning rate = 0.0002000
(epoch: 182, iters: 1280, time: 0.006, data: 1.473) G_GAN: 0.971 G_L1: 3.680 G_GD: 0.000 D_real: 0.291 D_fake: 0.680 
(epoch: 182, iters: 2560, time: 0.002, data: 0.031) G_GAN: 2.084 G_L1: 3.536 G_GD: 0.000 D_real: 0.177 D_fake: 0.180 
End of epoch 182 / 300 	 Time Taken: 15 sec
learning rate = 0.0002000
(epoch: 183, iters: 1280, time: 0.006, data: 1.407) G_GAN: 2.669 G_L1: 3.545 G_GD: 0.000 D_real: 0.154 D_fake: 0.048 
(epoch: 183, iters: 2560, time: 0.002, data: 0.029) G_GAN: 2.671 G_L1: 3.866 G_GD: 0.000 D_real: 0.076 D_fake: 0.072 
End of epoch 183 / 300 	 Time Taken: 14 sec
learning rate = 0.0002000
(epoch: 184, iters: 1280, time: 0.006, data: 1.604) G_GAN: 2.956 G_L1: 3.721 G_GD: 0.000 D_real: 0.086 D_fake: 0.067 
(epoch: 184, iters: 2560, time: 0.002, data: 0.022) G_GAN: 3.556 G_L1: 4.325 G_GD: 0.000 D_real: 0.031 D_fake: 0.166 
End of epoch 184 / 300 	 Time Taken: 15 sec
learning rate = 0.0002000
(epoch: 185, iters: 1280, time: 0.006, data: 1.472) G_GAN: 3.353 G_L1: 4.243 G_GD: 0.000 D_real: 0.054 D_fake: 0.138 
(epoch: 185, iters: 2560, time: 0.002, data: 0.021) G_GAN: 0.531 G_L1: 3.581 G_GD: 0.000 D_real: 2.509 D_fake: 0.010 
End of epoch 185 / 300 	 Time Taken: 15 sec
learning rate = 0.0002000
(epoch: 186, iters: 1280, time: 0.006, data: 1.530) G_GAN: 2.126 G_L1: 3.869 G_GD: 0.000 D_real: 0.170 D_fake: 0.104 
(epoch: 186, iters: 2560, time: 0.002, data: 0.017) G_GAN: 2.833 G_L1: 3.532 G_GD: 0.000 D_real: 0.110 D_fake: 0.071 
End of epoch 186 / 300 	 Time Taken: 15 sec
learning rate = 0.0002000
(epoch: 187, iters: 1280, time: 0.005, data: 1.441) G_GAN: 2.546 G_L1: 3.870 G_GD: 0.000 D_real: 0.081 D_fake: 0.130 
(epoch: 187, iters: 2560, time: 0.001, data: 0.023) G_GAN: 2.678 G_L1: 3.749 G_GD: 0.000 D_real: 0.098 D_fake: 0.076 
End of epoch 187 / 300 	 Time Taken: 13 sec
learning rate = 0.0002000
(epoch: 188, iters: 1280, time: 0.004, data: 1.492) G_GAN: 2.654 G_L1: 4.045 G_GD: 0.000 D_real: 0.092 D_fake: 0.082 
saving the latest model (epoch 188, total_steps 480000)
(epoch: 188, iters: 2560, time: 0.001, data: 0.019) G_GAN: 2.988 G_L1: 3.857 G_GD: 0.000 D_real: 0.070 D_fake: 0.107 
End of epoch 188 / 300 	 Time Taken: 10 sec
learning rate = 0.0002000
(epoch: 189, iters: 1280, time: 0.004, data: 1.506) G_GAN: 1.125 G_L1: 3.788 G_GD: 0.000 D_real: 0.240 D_fake: 0.037 
(epoch: 189, iters: 2560, time: 0.001, data: 0.033) G_GAN: 2.247 G_L1: 3.306 G_GD: 0.000 D_real: 0.083 D_fake: 2.073 
End of epoch 189 / 300 	 Time Taken: 11 sec
learning rate = 0.0002000
(epoch: 190, iters: 1280, time: 0.004, data: 1.633) G_GAN: 3.634 G_L1: 3.365 G_GD: 0.000 D_real: 0.077 D_fake: 0.325 
(epoch: 190, iters: 2560, time: 0.001, data: 0.032) G_GAN: 2.521 G_L1: 3.887 G_GD: 0.000 D_real: 0.071 D_fake: 0.142 
saving the model at the end of epoch 190, iters 486400
End of epoch 190 / 300 	 Time Taken: 11 sec
learning rate = 0.0002000
(epoch: 191, iters: 1280, time: 0.004, data: 1.561) G_GAN: 2.334 G_L1: 3.775 G_GD: 0.000 D_real: 0.156 D_fake: 0.067 
(epoch: 191, iters: 2560, time: 0.002, data: 0.028) G_GAN: 1.220 G_L1: 3.618 G_GD: 0.000 D_real: 0.366 D_fake: 0.027 
End of epoch 191 / 300 	 Time Taken: 11 sec
learning rate = 0.0002000
(epoch: 192, iters: 1280, time: 0.004, data: 1.498) G_GAN: 2.356 G_L1: 3.592 G_GD: 0.000 D_real: 0.124 D_fake: 0.415 
(epoch: 192, iters: 2560, time: 0.001, data: 0.031) G_GAN: 2.312 G_L1: 3.732 G_GD: 0.000 D_real: 0.079 D_fake: 0.134 
End of epoch 192 / 300 	 Time Taken: 11 sec
learning rate = 0.0002000
(epoch: 193, iters: 1280, time: 0.004, data: 1.597) G_GAN: 2.353 G_L1: 3.806 G_GD: 0.000 D_real: 0.132 D_fake: 0.075 
(epoch: 193, iters: 2560, time: 0.001, data: 0.024) G_GAN: 2.899 G_L1: 3.769 G_GD: 0.000 D_real: 0.082 D_fake: 0.099 
End of epoch 193 / 300 	 Time Taken: 11 sec
learning rate = 0.0002000
(epoch: 194, iters: 1280, time: 0.004, data: 1.516) G_GAN: 3.650 G_L1: 3.839 G_GD: 0.000 D_real: 0.055 D_fake: 0.162 
(epoch: 194, iters: 2560, time: 0.001, data: 0.030) G_GAN: 1.972 G_L1: 3.688 G_GD: 0.000 D_real: 0.446 D_fake: 0.055 
End of epoch 194 / 300 	 Time Taken: 10 sec
learning rate = 0.0002000
(epoch: 195, iters: 1280, time: 0.004, data: 1.500) G_GAN: 0.753 G_L1: 3.603 G_GD: 0.000 D_real: 0.624 D_fake: 0.029 
(epoch: 195, iters: 2560, time: 0.001, data: 0.026) G_GAN: 4.285 G_L1: 3.309 G_GD: 0.000 D_real: 0.034 D_fake: 1.976 
End of epoch 195 / 300 	 Time Taken: 10 sec
learning rate = 0.0002000
(epoch: 196, iters: 1280, time: 0.004, data: 1.571) G_GAN: 2.439 G_L1: 3.491 G_GD: 0.000 D_real: 0.147 D_fake: 0.161 
(epoch: 196, iters: 2560, time: 0.001, data: 0.020) G_GAN: 2.971 G_L1: 3.932 G_GD: 0.000 D_real: 0.100 D_fake: 0.133 
End of epoch 196 / 300 	 Time Taken: 10 sec
learning rate = 0.0002000
(epoch: 197, iters: 1280, time: 0.004, data: 1.465) G_GAN: 3.323 G_L1: 3.628 G_GD: 0.000 D_real: 0.060 D_fake: 0.238 
(epoch: 197, iters: 2560, time: 0.001, data: 0.025) G_GAN: 0.363 G_L1: 3.485 G_GD: 0.000 D_real: 1.528 D_fake: 0.043 
End of epoch 197 / 300 	 Time Taken: 10 sec
learning rate = 0.0002000
(epoch: 198, iters: 1280, time: 0.004, data: 1.500) G_GAN: 2.211 G_L1: 3.323 G_GD: 0.000 D_real: 0.154 D_fake: 0.198 
(epoch: 198, iters: 2560, time: 0.001, data: 0.027) G_GAN: 4.923 G_L1: 3.263 G_GD: 0.000 D_real: 0.010 D_fake: 1.490 
End of epoch 198 / 300 	 Time Taken: 11 sec
learning rate = 0.0002000
(epoch: 199, iters: 1280, time: 0.004, data: 1.808) G_GAN: 2.815 G_L1: 3.417 G_GD: 0.000 D_real: 0.060 D_fake: 0.484 
(epoch: 199, iters: 2560, time: 0.001, data: 0.031) G_GAN: 2.442 G_L1: 3.787 G_GD: 0.000 D_real: 0.140 D_fake: 0.123 
End of epoch 199 / 300 	 Time Taken: 11 sec
learning rate = 0.0001980
(epoch: 200, iters: 1280, time: 0.004, data: 1.534) G_GAN: 1.942 G_L1: 3.584 G_GD: 0.000 D_real: 0.192 D_fake: 0.119 
(epoch: 200, iters: 2560, time: 0.001, data: 0.034) G_GAN: 0.093 G_L1: 3.164 G_GD: 0.000 D_real: 2.029 D_fake: 0.008 
saving the model at the end of epoch 200, iters 512000
End of epoch 200 / 300 	 Time Taken: 11 sec
learning rate = 0.0001960
(epoch: 201, iters: 1280, time: 0.004, data: 1.477) G_GAN: 2.511 G_L1: 4.542 G_GD: 3.477 D_real: 0.403 D_fake: 0.041 
(epoch: 201, iters: 2560, time: 0.001, data: 0.024) G_GAN: 5.092 G_L1: 32.775 G_GD: 14.508 D_real: 0.009 D_fake: 0.010 
End of epoch 201 / 300 	 Time Taken: 11 sec
learning rate = 0.0001941
(epoch: 202, iters: 1280, time: 0.004, data: 1.497) G_GAN: 3.510 G_L1: 5.123 G_GD: 3.820 D_real: 0.059 D_fake: 0.045 
(epoch: 202, iters: 2560, time: 0.001, data: 0.033) G_GAN: 2.532 G_L1: 3.988 G_GD: 3.059 D_real: 0.106 D_fake: 0.072 
End of epoch 202 / 300 	 Time Taken: 10 sec
learning rate = 0.0001921
(epoch: 203, iters: 1280, time: 0.006, data: 1.488) G_GAN: 2.527 G_L1: 3.695 G_GD: 2.893 D_real: 0.078 D_fake: 0.104 
(epoch: 203, iters: 2560, time: 0.002, data: 0.023) G_GAN: 3.333 G_L1: 3.692 G_GD: 2.893 D_real: 0.044 D_fake: 0.181 
End of epoch 203 / 300 	 Time Taken: 15 sec
learning rate = 0.0001901
(epoch: 204, iters: 1280, time: 0.006, data: 1.737) G_GAN: 2.207 G_L1: 3.268 G_GD: 2.618 D_real: 0.144 D_fake: 0.071 
(epoch: 204, iters: 2560, time: 0.002, data: 0.029) G_GAN: 1.962 G_L1: 3.268 G_GD: 2.592 D_real: 0.156 D_fake: 0.067 
End of epoch 204 / 300 	 Time Taken: 15 sec
learning rate = 0.0001881
(epoch: 205, iters: 1280, time: 0.006, data: 1.535) G_GAN: 2.723 G_L1: 3.095 G_GD: 2.493 D_real: 0.076 D_fake: 0.145 
(epoch: 205, iters: 2560, time: 0.002, data: 0.020) G_GAN: 2.576 G_L1: 3.465 G_GD: 2.675 D_real: 0.056 D_fake: 0.163 
End of epoch 205 / 300 	 Time Taken: 15 sec
learning rate = 0.0001861
(epoch: 206, iters: 1280, time: 0.006, data: 1.436) G_GAN: 5.751 G_L1: 3.027 G_GD: 2.453 D_real: 0.011 D_fake: 0.872 
(epoch: 206, iters: 2560, time: 0.002, data: 0.023) G_GAN: 1.917 G_L1: 2.854 G_GD: 2.332 D_real: 0.347 D_fake: 0.138 
End of epoch 206 / 300 	 Time Taken: 15 sec
learning rate = 0.0001842
(epoch: 207, iters: 1280, time: 0.006, data: 1.376) G_GAN: 2.689 G_L1: 2.861 G_GD: 2.360 D_real: 0.097 D_fake: 0.168 
(epoch: 207, iters: 2560, time: 0.002, data: 0.026) G_GAN: 2.172 G_L1: 2.828 G_GD: 2.311 D_real: 0.159 D_fake: 0.091 
End of epoch 207 / 300 	 Time Taken: 15 sec
learning rate = 0.0001822
(epoch: 208, iters: 1280, time: 0.006, data: 1.424) G_GAN: 2.721 G_L1: 2.875 G_GD: 2.348 D_real: 0.084 D_fake: 0.152 
(epoch: 208, iters: 2560, time: 0.002, data: 0.023) G_GAN: 2.619 G_L1: 2.929 G_GD: 2.355 D_real: 0.084 D_fake: 0.140 
End of epoch 208 / 300 	 Time Taken: 15 sec
learning rate = 0.0001802
(epoch: 209, iters: 1280, time: 0.006, data: 1.842) G_GAN: 5.004 G_L1: 2.724 G_GD: 2.261 D_real: 0.024 D_fake: 0.543 
(epoch: 209, iters: 2560, time: 0.002, data: 0.030) G_GAN: 2.150 G_L1: 2.662 G_GD: 2.208 D_real: 0.265 D_fake: 0.180 
End of epoch 209 / 300 	 Time Taken: 15 sec
learning rate = 0.0001782
(epoch: 210, iters: 1280, time: 0.006, data: 1.601) G_GAN: 2.414 G_L1: 2.671 G_GD: 2.211 D_real: 0.110 D_fake: 0.173 
(epoch: 210, iters: 2560, time: 0.002, data: 0.026) G_GAN: 2.220 G_L1: 2.801 G_GD: 2.295 D_real: 0.144 D_fake: 0.097 
saving the model at the end of epoch 210, iters 537600
End of epoch 210 / 300 	 Time Taken: 16 sec
learning rate = 0.0001762
(epoch: 211, iters: 1280, time: 0.006, data: 1.530) G_GAN: 2.288 G_L1: 2.840 G_GD: 2.304 D_real: 0.115 D_fake: 0.108 
(epoch: 211, iters: 2560, time: 0.002, data: 0.024) G_GAN: 2.321 G_L1: 2.728 G_GD: 2.254 D_real: 0.084 D_fake: 0.118 
End of epoch 211 / 300 	 Time Taken: 15 sec
learning rate = 0.0001743
(epoch: 212, iters: 1280, time: 0.006, data: 1.501) G_GAN: 4.182 G_L1: 2.631 G_GD: 2.179 D_real: 0.008 D_fake: 1.766 
(epoch: 212, iters: 2560, time: 0.001, data: 0.030) G_GAN: 2.995 G_L1: 2.385 G_GD: 2.010 D_real: 0.057 D_fake: 0.394 
End of epoch 212 / 300 	 Time Taken: 15 sec
learning rate = 0.0001723
(epoch: 213, iters: 1280, time: 0.004, data: 1.689) G_GAN: 2.472 G_L1: 2.639 G_GD: 2.186 D_real: 0.101 D_fake: 0.138 
(epoch: 213, iters: 2560, time: 0.001, data: 0.025) G_GAN: 3.341 G_L1: 2.593 G_GD: 2.131 D_real: 0.064 D_fake: 0.205 
End of epoch 213 / 300 	 Time Taken: 11 sec
learning rate = 0.0001703
(epoch: 214, iters: 1280, time: 0.004, data: 1.435) G_GAN: 0.435 G_L1: 2.650 G_GD: 2.182 D_real: 1.180 D_fake: 0.010 
(epoch: 214, iters: 2560, time: 0.001, data: 0.023) G_GAN: 1.780 G_L1: 2.368 G_GD: 2.022 D_real: 0.300 D_fake: 0.071 
End of epoch 214 / 300 	 Time Taken: 10 sec
learning rate = 0.0001683
(epoch: 215, iters: 1280, time: 0.004, data: 1.552) G_GAN: 2.694 G_L1: 2.599 G_GD: 2.140 D_real: 0.087 D_fake: 0.149 
(epoch: 215, iters: 2560, time: 0.001, data: 0.040) G_GAN: 2.164 G_L1: 2.770 G_GD: 2.229 D_real: 0.131 D_fake: 0.073 
End of epoch 215 / 300 	 Time Taken: 11 sec
learning rate = 0.0001663
(epoch: 216, iters: 1280, time: 0.004, data: 1.522) G_GAN: 1.810 G_L1: 2.470 G_GD: 2.058 D_real: 0.275 D_fake: 0.045 
(epoch: 216, iters: 2560, time: 0.001, data: 0.026) G_GAN: 1.154 G_L1: 2.554 G_GD: 2.110 D_real: 0.353 D_fake: 0.030 
End of epoch 216 / 300 	 Time Taken: 11 sec
learning rate = 0.0001644
(epoch: 217, iters: 1280, time: 0.006, data: 1.484) G_GAN: 2.243 G_L1: 2.435 G_GD: 2.027 D_real: 0.026 D_fake: 0.586 
(epoch: 217, iters: 2560, time: 0.001, data: 0.026) G_GAN: 1.997 G_L1: 2.592 G_GD: 2.112 D_real: 0.158 D_fake: 0.083 
End of epoch 217 / 300 	 Time Taken: 13 sec
learning rate = 0.0001624
(epoch: 218, iters: 1280, time: 0.004, data: 1.543) G_GAN: 2.091 G_L1: 2.446 G_GD: 2.034 D_real: 0.169 D_fake: 0.076 
(epoch: 218, iters: 2560, time: 0.001, data: 0.027) G_GAN: 2.010 G_L1: 2.595 G_GD: 2.122 D_real: 0.239 D_fake: 0.045 
End of epoch 218 / 300 	 Time Taken: 11 sec
learning rate = 0.0001604
(epoch: 219, iters: 1280, time: 0.004, data: 1.501) G_GAN: 0.846 G_L1: 2.386 G_GD: 1.983 D_real: 0.438 D_fake: 0.026 
(epoch: 219, iters: 2560, time: 0.001, data: 0.024) G_GAN: 3.176 G_L1: 2.272 G_GD: 1.941 D_real: 0.036 D_fake: 0.532 
End of epoch 219 / 300 	 Time Taken: 10 sec
learning rate = 0.0001584
(epoch: 220, iters: 1280, time: 0.004, data: 1.541) G_GAN: 2.218 G_L1: 2.344 G_GD: 1.964 D_real: 0.197 D_fake: 0.073 
(epoch: 220, iters: 2560, time: 0.001, data: 0.021) G_GAN: 3.429 G_L1: 2.271 G_GD: 1.909 D_real: 0.059 D_fake: 0.226 
saving the model at the end of epoch 220, iters 563200
End of epoch 220 / 300 	 Time Taken: 11 sec
learning rate = 0.0001564
(epoch: 221, iters: 1280, time: 0.004, data: 1.527) G_GAN: 1.941 G_L1: 2.306 G_GD: 1.938 D_real: 0.385 D_fake: 0.037 
(epoch: 221, iters: 2560, time: 0.002, data: 0.018) G_GAN: 2.546 G_L1: 2.267 G_GD: 1.914 D_real: 0.133 D_fake: 0.089 
End of epoch 221 / 300 	 Time Taken: 11 sec
learning rate = 0.0001545
(epoch: 222, iters: 1280, time: 0.006, data: 1.500) G_GAN: 2.210 G_L1: 2.330 G_GD: 1.946 D_real: 0.127 D_fake: 0.089 
(epoch: 222, iters: 2560, time: 0.002, data: 0.017) G_GAN: 2.819 G_L1: 2.291 G_GD: 1.933 D_real: 0.083 D_fake: 0.135 
End of epoch 222 / 300 	 Time Taken: 15 sec
learning rate = 0.0001525
(epoch: 223, iters: 1280, time: 0.006, data: 1.536) G_GAN: 2.061 G_L1: 2.377 G_GD: 1.978 D_real: 0.230 D_fake: 0.041 
(epoch: 223, iters: 2560, time: 0.002, data: 0.020) G_GAN: 4.289 G_L1: 2.469 G_GD: 2.039 D_real: 0.028 D_fake: 0.328 
End of epoch 223 / 300 	 Time Taken: 15 sec
learning rate = 0.0001505
(epoch: 224, iters: 1280, time: 0.006, data: 1.494) G_GAN: 2.754 G_L1: 2.380 G_GD: 1.980 D_real: 0.253 D_fake: 0.159 
(epoch: 224, iters: 2560, time: 0.002, data: 0.022) G_GAN: 3.938 G_L1: 2.200 G_GD: 1.849 D_real: 0.032 D_fake: 0.455 
End of epoch 224 / 300 	 Time Taken: 15 sec
learning rate = 0.0001485
(epoch: 225, iters: 1280, time: 0.006, data: 2.264) G_GAN: 2.566 G_L1: 2.216 G_GD: 1.862 D_real: 0.095 D_fake: 0.159 
(epoch: 225, iters: 2560, time: 0.002, data: 0.017) G_GAN: 2.714 G_L1: 2.388 G_GD: 1.979 D_real: 0.078 D_fake: 0.129 
End of epoch 225 / 300 	 Time Taken: 16 sec
learning rate = 0.0001465
(epoch: 226, iters: 1280, time: 0.006, data: 1.600) G_GAN: 2.703 G_L1: 2.317 G_GD: 1.940 D_real: 0.093 D_fake: 0.118 
(epoch: 226, iters: 2560, time: 0.002, data: 0.031) G_GAN: 2.687 G_L1: 2.364 G_GD: 1.977 D_real: 0.141 D_fake: 0.071 
End of epoch 226 / 300 	 Time Taken: 15 sec
learning rate = 0.0001446
(epoch: 227, iters: 1280, time: 0.006, data: 1.487) G_GAN: 1.148 G_L1: 2.200 G_GD: 1.845 D_real: 0.476 D_fake: 0.025 
(epoch: 227, iters: 2560, time: 0.002, data: 0.024) G_GAN: 2.173 G_L1: 2.238 G_GD: 1.870 D_real: 0.090 D_fake: 0.123 
End of epoch 227 / 300 	 Time Taken: 15 sec
learning rate = 0.0001426
(epoch: 228, iters: 1280, time: 0.006, data: 1.512) G_GAN: 1.941 G_L1: 2.203 G_GD: 1.846 D_real: 0.177 D_fake: 0.060 
(epoch: 228, iters: 2560, time: 0.002, data: 0.020) G_GAN: 2.228 G_L1: 2.314 G_GD: 1.924 D_real: 0.134 D_fake: 0.068 
End of epoch 228 / 300 	 Time Taken: 15 sec
learning rate = 0.0001406
(epoch: 229, iters: 1280, time: 0.006, data: 1.490) G_GAN: 1.937 G_L1: 2.287 G_GD: 1.884 D_real: 0.147 D_fake: 0.063 
(epoch: 229, iters: 2560, time: 0.002, data: 0.031) G_GAN: 3.989 G_L1: 2.157 G_GD: 1.811 D_real: 0.037 D_fake: 0.301 
End of epoch 229 / 300 	 Time Taken: 15 sec
learning rate = 0.0001386
(epoch: 230, iters: 1280, time: 0.006, data: 1.514) G_GAN: 2.512 G_L1: 2.166 G_GD: 1.825 D_real: 0.264 D_fake: 0.147 
(epoch: 230, iters: 2560, time: 0.002, data: 0.020) G_GAN: 3.139 G_L1: 2.122 G_GD: 1.803 D_real: 0.075 D_fake: 0.231 
saving the model at the end of epoch 230, iters 588800
End of epoch 230 / 300 	 Time Taken: 16 sec
learning rate = 0.0001366
(epoch: 231, iters: 1280, time: 0.006, data: 1.525) G_GAN: 3.574 G_L1: 2.121 G_GD: 1.799 D_real: 0.051 D_fake: 0.250 
(epoch: 231, iters: 2560, time: 0.001, data: 0.030) G_GAN: 2.129 G_L1: 2.124 G_GD: 1.786 D_real: 0.371 D_fake: 0.037 
End of epoch 231 / 300 	 Time Taken: 13 sec
learning rate = 0.0001347
(epoch: 232, iters: 1280, time: 0.004, data: 1.509) G_GAN: 2.570 G_L1: 2.065 G_GD: 1.758 D_real: 0.140 D_fake: 0.093 
(epoch: 232, iters: 2560, time: 0.001, data: 0.037) G_GAN: 2.650 G_L1: 2.127 G_GD: 1.785 D_real: 0.095 D_fake: 0.110 
End of epoch 232 / 300 	 Time Taken: 11 sec
learning rate = 0.0001327
(epoch: 233, iters: 1280, time: 0.004, data: 1.454) G_GAN: 2.173 G_L1: 2.236 G_GD: 1.861 D_real: 0.178 D_fake: 0.053 
(epoch: 233, iters: 2560, time: 0.001, data: 0.028) G_GAN: 2.374 G_L1: 2.239 G_GD: 1.870 D_real: 0.109 D_fake: 0.083 
End of epoch 233 / 300 	 Time Taken: 11 sec
learning rate = 0.0001307
(epoch: 234, iters: 1280, time: 0.004, data: 1.615) G_GAN: 2.855 G_L1: 2.190 G_GD: 1.829 D_real: 0.072 D_fake: 0.123 
(epoch: 234, iters: 2560, time: 0.001, data: 0.029) G_GAN: 3.149 G_L1: 2.110 G_GD: 1.768 D_real: 0.065 D_fake: 0.164 
End of epoch 234 / 300 	 Time Taken: 11 sec
learning rate = 0.0001287
(epoch: 235, iters: 1280, time: 0.004, data: 1.513) G_GAN: 3.058 G_L1: 2.101 G_GD: 1.765 D_real: 0.065 D_fake: 0.150 
(epoch: 235, iters: 2560, time: 0.002, data: 0.018) G_GAN: 0.186 G_L1: 2.078 G_GD: 1.746 D_real: 2.394 D_fake: 0.005 
End of epoch 235 / 300 	 Time Taken: 11 sec
learning rate = 0.0001267
(epoch: 236, iters: 1280, time: 0.004, data: 1.482) G_GAN: 2.323 G_L1: 2.037 G_GD: 1.731 D_real: 0.197 D_fake: 0.089 
(epoch: 236, iters: 2560, time: 0.001, data: 0.018) G_GAN: 2.587 G_L1: 2.115 G_GD: 1.786 D_real: 0.079 D_fake: 0.132 
End of epoch 236 / 300 	 Time Taken: 11 sec
learning rate = 0.0001248
(epoch: 237, iters: 1280, time: 0.004, data: 1.449) G_GAN: 2.818 G_L1: 2.118 G_GD: 1.784 D_real: 0.094 D_fake: 0.103 
(epoch: 237, iters: 2560, time: 0.001, data: 0.026) G_GAN: 3.023 G_L1: 2.100 G_GD: 1.765 D_real: 0.075 D_fake: 0.147 
End of epoch 237 / 300 	 Time Taken: 10 sec
learning rate = 0.0001228
(epoch: 238, iters: 1280, time: 0.004, data: 1.567) G_GAN: 1.851 G_L1: 2.029 G_GD: 1.718 D_real: 0.287 D_fake: 0.039 
(epoch: 238, iters: 2560, time: 0.001, data: 0.029) G_GAN: 2.815 G_L1: 2.479 G_GD: 2.012 D_real: 0.049 D_fake: 0.122 
End of epoch 238 / 300 	 Time Taken: 11 sec
learning rate = 0.0001208
(epoch: 239, iters: 1280, time: 0.004, data: 1.628) G_GAN: 2.677 G_L1: 1.980 G_GD: 1.687 D_real: 0.130 D_fake: 0.082 
(epoch: 239, iters: 2560, time: 0.001, data: 0.024) G_GAN: 3.064 G_L1: 2.154 G_GD: 1.797 D_real: 0.090 D_fake: 0.087 
End of epoch 239 / 300 	 Time Taken: 11 sec
learning rate = 0.0001188
(epoch: 240, iters: 1280, time: 0.005, data: 1.502) G_GAN: 2.211 G_L1: 2.088 G_GD: 1.736 D_real: 0.130 D_fake: 0.073 
(epoch: 240, iters: 2560, time: 0.002, data: 0.025) G_GAN: 5.124 G_L1: 2.151 G_GD: 1.793 D_real: 0.009 D_fake: 1.157 
saving the model at the end of epoch 240, iters 614400
End of epoch 240 / 300 	 Time Taken: 14 sec
learning rate = 0.0001168
(epoch: 241, iters: 1280, time: 0.006, data: 1.493) G_GAN: 0.423 G_L1: 1.977 G_GD: 1.674 D_real: 1.205 D_fake: 0.036 
(epoch: 241, iters: 2560, time: 0.002, data: 0.021) G_GAN: 2.262 G_L1: 2.168 G_GD: 1.808 D_real: 0.179 D_fake: 0.093 
End of epoch 241 / 300 	 Time Taken: 15 sec
learning rate = 0.0001149
(epoch: 242, iters: 1280, time: 0.006, data: 1.458) G_GAN: 2.604 G_L1: 1.988 G_GD: 1.686 D_real: 0.113 D_fake: 0.127 
(epoch: 242, iters: 2560, time: 0.002, data: 0.024) G_GAN: 2.960 G_L1: 1.953 G_GD: 1.662 D_real: 0.066 D_fake: 0.192 
End of epoch 242 / 300 	 Time Taken: 15 sec
learning rate = 0.0001129
(epoch: 243, iters: 1280, time: 0.006, data: 1.483) G_GAN: 2.456 G_L1: 2.066 G_GD: 1.730 D_real: 0.099 D_fake: 0.112 
(epoch: 243, iters: 2560, time: 0.002, data: 0.026) G_GAN: 3.087 G_L1: 2.029 G_GD: 1.700 D_real: 0.058 D_fake: 0.178 
End of epoch 243 / 300 	 Time Taken: 15 sec
learning rate = 0.0001109
(epoch: 244, iters: 1280, time: 0.006, data: 1.489) G_GAN: 3.588 G_L1: 2.020 G_GD: 1.702 D_real: 0.047 D_fake: 0.221 
(epoch: 244, iters: 2560, time: 0.002, data: 0.017) G_GAN: 2.287 G_L1: 2.109 G_GD: 1.745 D_real: 0.126 D_fake: 0.074 
End of epoch 244 / 300 	 Time Taken: 15 sec
learning rate = 0.0001089
(epoch: 245, iters: 1280, time: 0.006, data: 1.521) G_GAN: 2.562 G_L1: 2.149 G_GD: 1.777 D_real: 0.069 D_fake: 0.137 
(epoch: 245, iters: 2560, time: 0.002, data: 0.017) G_GAN: 3.021 G_L1: 2.048 G_GD: 1.724 D_real: 0.059 D_fake: 0.133 
End of epoch 245 / 300 	 Time Taken: 15 sec
learning rate = 0.0001069
(epoch: 246, iters: 1280, time: 0.006, data: 1.510) G_GAN: 2.518 G_L1: 2.010 G_GD: 1.685 D_real: 0.096 D_fake: 0.101 
(epoch: 246, iters: 2560, time: 0.002, data: 0.029) G_GAN: 3.733 G_L1: 1.948 G_GD: 1.655 D_real: 0.038 D_fake: 0.257 
End of epoch 246 / 300 	 Time Taken: 15 sec
learning rate = 0.0001050
(epoch: 247, iters: 1280, time: 0.006, data: 1.435) G_GAN: 0.709 G_L1: 2.026 G_GD: 1.700 D_real: 1.175 D_fake: 0.009 
(epoch: 247, iters: 2560, time: 0.002, data: 0.031) G_GAN: 2.930 G_L1: 2.122 G_GD: 1.757 D_real: 0.099 D_fake: 0.109 
End of epoch 247 / 300 	 Time Taken: 15 sec
learning rate = 0.0001030
(epoch: 248, iters: 1280, time: 0.006, data: 1.467) G_GAN: 2.758 G_L1: 2.026 G_GD: 1.698 D_real: 0.081 D_fake: 0.119 
(epoch: 248, iters: 2560, time: 0.002, data: 0.019) G_GAN: 2.804 G_L1: 2.025 G_GD: 1.715 D_real: 0.059 D_fake: 0.139 
End of epoch 248 / 300 	 Time Taken: 15 sec
learning rate = 0.0001010
(epoch: 249, iters: 1280, time: 0.006, data: 1.685) G_GAN: 2.358 G_L1: 2.027 G_GD: 1.696 D_real: 0.142 D_fake: 0.063 
(epoch: 249, iters: 2560, time: 0.002, data: 0.020) G_GAN: 3.270 G_L1: 1.933 G_GD: 1.633 D_real: 0.055 D_fake: 0.197 
End of epoch 249 / 300 	 Time Taken: 15 sec
learning rate = 0.0000990
(epoch: 250, iters: 1280, time: 0.004, data: 1.563) G_GAN: 3.178 G_L1: 1.922 G_GD: 1.625 D_real: 0.057 D_fake: 0.191 
(epoch: 250, iters: 2560, time: 0.001, data: 0.023) G_GAN: 2.217 G_L1: 1.872 G_GD: 1.586 D_real: 0.125 D_fake: 0.086 
saving the latest model (epoch 250, total_steps 640000)
saving the model at the end of epoch 250, iters 640000
End of epoch 250 / 300 	 Time Taken: 12 sec
learning rate = 0.0000970
(epoch: 251, iters: 1280, time: 0.004, data: 1.539) G_GAN: 2.064 G_L1: 2.039 G_GD: 1.702 D_real: 0.213 D_fake: 0.044 
(epoch: 251, iters: 2560, time: 0.001, data: 0.020) G_GAN: 1.332 G_L1: 2.135 G_GD: 1.763 D_real: 0.331 D_fake: 0.026 
End of epoch 251 / 300 	 Time Taken: 11 sec
learning rate = 0.0000950
(epoch: 252, iters: 1280, time: 0.004, data: 1.456) G_GAN: 1.970 G_L1: 1.888 G_GD: 1.607 D_real: 0.048 D_fake: 0.316 
(epoch: 252, iters: 2560, time: 0.001, data: 0.021) G_GAN: 2.167 G_L1: 1.910 G_GD: 1.609 D_real: 0.158 D_fake: 0.078 
End of epoch 252 / 300 	 Time Taken: 11 sec
learning rate = 0.0000931
(epoch: 253, iters: 1280, time: 0.004, data: 1.450) G_GAN: 2.585 G_L1: 2.106 G_GD: 1.748 D_real: 0.137 D_fake: 0.067 
(epoch: 253, iters: 2560, time: 0.001, data: 0.027) G_GAN: 2.503 G_L1: 1.961 G_GD: 1.650 D_real: 0.094 D_fake: 0.120 
End of epoch 253 / 300 	 Time Taken: 11 sec
learning rate = 0.0000911
(epoch: 254, iters: 1280, time: 0.006, data: 1.596) G_GAN: 2.266 G_L1: 1.956 G_GD: 1.655 D_real: 0.153 D_fake: 0.064 
(epoch: 254, iters: 2560, time: 0.001, data: 0.032) G_GAN: 2.921 G_L1: 1.877 G_GD: 1.591 D_real: 0.091 D_fake: 0.121 
End of epoch 254 / 300 	 Time Taken: 13 sec
learning rate = 0.0000891
(epoch: 255, iters: 1280, time: 0.004, data: 1.499) G_GAN: 3.276 G_L1: 1.909 G_GD: 1.618 D_real: 0.049 D_fake: 0.219 
(epoch: 255, iters: 2560, time: 0.001, data: 0.034) G_GAN: 3.257 G_L1: 1.927 G_GD: 1.622 D_real: 0.039 D_fake: 0.256 
End of epoch 255 / 300 	 Time Taken: 10 sec
learning rate = 0.0000871
(epoch: 256, iters: 1280, time: 0.004, data: 1.559) G_GAN: 2.424 G_L1: 2.046 G_GD: 1.698 D_real: 0.085 D_fake: 0.119 
(epoch: 256, iters: 2560, time: 0.001, data: 0.021) G_GAN: 2.187 G_L1: 1.971 G_GD: 1.647 D_real: 0.137 D_fake: 0.079 
End of epoch 256 / 300 	 Time Taken: 11 sec
learning rate = 0.0000851
(epoch: 257, iters: 1280, time: 0.004, data: 1.417) G_GAN: 3.362 G_L1: 1.879 G_GD: 1.594 D_real: 0.041 D_fake: 0.297 
(epoch: 257, iters: 2560, time: 0.001, data: 0.028) G_GAN: 2.819 G_L1: 2.122 G_GD: 1.784 D_real: 0.058 D_fake: 0.141 
End of epoch 257 / 300 	 Time Taken: 10 sec
learning rate = 0.0000832
(epoch: 258, iters: 1280, time: 0.004, data: 1.549) G_GAN: 3.672 G_L1: 1.858 G_GD: 1.576 D_real: 0.029 D_fake: 0.376 
(epoch: 258, iters: 2560, time: 0.001, data: 0.025) G_GAN: 1.510 G_L1: 1.953 G_GD: 1.636 D_real: 0.248 D_fake: 0.045 
End of epoch 258 / 300 	 Time Taken: 11 sec
learning rate = 0.0000812
(epoch: 259, iters: 1280, time: 0.006, data: 1.634) G_GAN: 1.898 G_L1: 1.904 G_GD: 1.618 D_real: 0.232 D_fake: 0.047 
(epoch: 259, iters: 2560, time: 0.002, data: 0.021) G_GAN: 3.426 G_L1: 1.889 G_GD: 1.594 D_real: 0.067 D_fake: 0.174 
End of epoch 259 / 300 	 Time Taken: 15 sec
learning rate = 0.0000792
(epoch: 260, iters: 1280, time: 0.006, data: 1.632) G_GAN: 3.019 G_L1: 1.882 G_GD: 1.597 D_real: 0.089 D_fake: 0.122 
(epoch: 260, iters: 2560, time: 0.002, data: 0.018) G_GAN: 2.029 G_L1: 1.859 G_GD: 1.574 D_real: 0.152 D_fake: 0.081 
saving the model at the end of epoch 260, iters 665600
End of epoch 260 / 300 	 Time Taken: 16 sec
learning rate = 0.0000772
(epoch: 261, iters: 1280, time: 0.006, data: 1.384) G_GAN: 2.375 G_L1: 1.934 G_GD: 1.631 D_real: 0.118 D_fake: 0.094 
(epoch: 261, iters: 2560, time: 0.002, data: 0.025) G_GAN: 2.390 G_L1: 1.943 G_GD: 1.629 D_real: 0.115 D_fake: 0.103 
End of epoch 261 / 300 	 Time Taken: 15 sec
learning rate = 0.0000752
(epoch: 262, iters: 1280, time: 0.006, data: 1.506) G_GAN: 3.855 G_L1: 1.963 G_GD: 1.639 D_real: 0.029 D_fake: 0.368 
(epoch: 262, iters: 2560, time: 0.002, data: 0.025) G_GAN: 2.412 G_L1: 1.975 G_GD: 1.662 D_real: 0.103 D_fake: 0.115 
End of epoch 262 / 300 	 Time Taken: 15 sec
learning rate = 0.0000733
(epoch: 263, iters: 1280, time: 0.006, data: 1.519) G_GAN: 2.230 G_L1: 1.953 G_GD: 1.646 D_real: 0.153 D_fake: 0.073 
(epoch: 263, iters: 2560, time: 0.002, data: 0.021) G_GAN: 1.270 G_L1: 2.055 G_GD: 1.699 D_real: 0.325 D_fake: 0.033 
End of epoch 263 / 300 	 Time Taken: 15 sec
learning rate = 0.0000713
(epoch: 264, iters: 1280, time: 0.006, data: 1.436) G_GAN: 2.906 G_L1: 1.778 G_GD: 1.525 D_real: 0.050 D_fake: 0.590 
(epoch: 264, iters: 2560, time: 0.002, data: 0.016) G_GAN: 2.399 G_L1: 2.218 G_GD: 1.808 D_real: 0.079 D_fake: 0.109 
End of epoch 264 / 300 	 Time Taken: 15 sec
learning rate = 0.0000693
(epoch: 265, iters: 1280, time: 0.006, data: 1.550) G_GAN: 2.934 G_L1: 1.927 G_GD: 1.623 D_real: 0.090 D_fake: 0.136 
(epoch: 265, iters: 2560, time: 0.002, data: 0.020) G_GAN: 2.453 G_L1: 2.005 G_GD: 1.678 D_real: 0.060 D_fake: 0.169 
End of epoch 265 / 300 	 Time Taken: 15 sec
learning rate = 0.0000673
(epoch: 266, iters: 1280, time: 0.006, data: 1.517) G_GAN: 2.695 G_L1: 1.882 G_GD: 1.595 D_real: 0.097 D_fake: 0.113 
(epoch: 266, iters: 2560, time: 0.002, data: 0.014) G_GAN: 2.767 G_L1: 1.985 G_GD: 1.653 D_real: 0.090 D_fake: 0.142 
End of epoch 266 / 300 	 Time Taken: 15 sec
learning rate = 0.0000653
(epoch: 267, iters: 1280, time: 0.006, data: 1.436) G_GAN: 2.622 G_L1: 1.843 G_GD: 1.565 D_real: 0.115 D_fake: 0.107 
(epoch: 267, iters: 2560, time: 0.002, data: 0.029) G_GAN: 2.336 G_L1: 1.942 G_GD: 1.618 D_real: 0.108 D_fake: 0.103 
End of epoch 267 / 300 	 Time Taken: 15 sec
learning rate = 0.0000634
(epoch: 268, iters: 1280, time: 0.006, data: 1.606) G_GAN: 2.324 G_L1: 1.858 G_GD: 1.576 D_real: 0.129 D_fake: 0.096 
(epoch: 268, iters: 2560, time: 0.001, data: 0.020) G_GAN: 3.034 G_L1: 1.947 G_GD: 1.630 D_real: 0.064 D_fake: 0.184 
End of epoch 268 / 300 	 Time Taken: 15 sec
learning rate = 0.0000614
(epoch: 269, iters: 1280, time: 0.004, data: 1.667) G_GAN: 2.679 G_L1: 1.929 G_GD: 1.626 D_real: 0.062 D_fake: 0.178 
(epoch: 269, iters: 2560, time: 0.001, data: 0.026) G_GAN: 2.048 G_L1: 1.903 G_GD: 1.588 D_real: 0.204 D_fake: 0.064 
End of epoch 269 / 300 	 Time Taken: 10 sec
learning rate = 0.0000594
(epoch: 270, iters: 1280, time: 0.004, data: 1.526) G_GAN: 2.483 G_L1: 1.969 G_GD: 1.648 D_real: 0.137 D_fake: 0.091 
(epoch: 270, iters: 2560, time: 0.001, data: 0.027) G_GAN: 2.257 G_L1: 1.832 G_GD: 1.562 D_real: 0.106 D_fake: 0.124 
saving the model at the end of epoch 270, iters 691200
End of epoch 270 / 300 	 Time Taken: 11 sec
learning rate = 0.0000574
(epoch: 271, iters: 1280, time: 0.004, data: 1.764) G_GAN: 2.259 G_L1: 1.941 G_GD: 1.623 D_real: 0.100 D_fake: 0.123 
(epoch: 271, iters: 2560, time: 0.001, data: 0.028) G_GAN: 2.780 G_L1: 1.921 G_GD: 1.625 D_real: 0.077 D_fake: 0.150 
End of epoch 271 / 300 	 Time Taken: 11 sec
learning rate = 0.0000554
(epoch: 272, iters: 1280, time: 0.004, data: 1.504) G_GAN: 2.583 G_L1: 1.851 G_GD: 1.563 D_real: 0.078 D_fake: 0.160 
(epoch: 272, iters: 2560, time: 0.001, data: 0.021) G_GAN: 2.312 G_L1: 1.902 G_GD: 1.603 D_real: 0.125 D_fake: 0.098 
End of epoch 272 / 300 	 Time Taken: 10 sec
learning rate = 0.0000535
(epoch: 273, iters: 1280, time: 0.006, data: 1.547) G_GAN: 2.286 G_L1: 1.920 G_GD: 1.612 D_real: 0.170 D_fake: 0.075 
(epoch: 273, iters: 2560, time: 0.001, data: 0.023) G_GAN: 1.788 G_L1: 1.984 G_GD: 1.651 D_real: 0.212 D_fake: 0.077 
End of epoch 273 / 300 	 Time Taken: 12 sec
learning rate = 0.0000515
(epoch: 274, iters: 1280, time: 0.004, data: 1.437) G_GAN: 2.063 G_L1: 1.907 G_GD: 1.603 D_real: 0.199 D_fake: 0.070 
(epoch: 274, iters: 2560, time: 0.001, data: 0.026) G_GAN: 2.167 G_L1: 2.000 G_GD: 1.666 D_real: 0.106 D_fake: 0.110 
End of epoch 274 / 300 	 Time Taken: 10 sec
learning rate = 0.0000495
(epoch: 275, iters: 1280, time: 0.004, data: 1.466) G_GAN: 1.871 G_L1: 1.877 G_GD: 1.583 D_real: 0.108 D_fake: 0.127 
(epoch: 275, iters: 2560, time: 0.001, data: 0.028) G_GAN: 2.707 G_L1: 1.907 G_GD: 1.609 D_real: 0.086 D_fake: 0.137 
End of epoch 275 / 300 	 Time Taken: 10 sec
learning rate = 0.0000475
(epoch: 276, iters: 1280, time: 0.004, data: 1.505) G_GAN: 2.554 G_L1: 1.851 G_GD: 1.565 D_real: 0.092 D_fake: 0.163 
(epoch: 276, iters: 2560, time: 0.001, data: 0.019) G_GAN: 2.732 G_L1: 1.934 G_GD: 1.626 D_real: 0.071 D_fake: 0.192 
End of epoch 276 / 300 	 Time Taken: 10 sec
learning rate = 0.0000455
(epoch: 277, iters: 1280, time: 0.004, data: 1.496) G_GAN: 2.457 G_L1: 1.932 G_GD: 1.621 D_real: 0.092 D_fake: 0.144 
(epoch: 277, iters: 2560, time: 0.001, data: 0.028) G_GAN: 2.792 G_L1: 1.963 G_GD: 1.646 D_real: 0.072 D_fake: 0.185 
End of epoch 277 / 300 	 Time Taken: 10 sec
learning rate = 0.0000436
(epoch: 278, iters: 1280, time: 0.006, data: 1.606) G_GAN: 2.502 G_L1: 1.905 G_GD: 1.605 D_real: 0.118 D_fake: 0.123 
(epoch: 278, iters: 2560, time: 0.002, data: 0.020) G_GAN: 2.368 G_L1: 2.030 G_GD: 1.700 D_real: 0.117 D_fake: 0.106 
End of epoch 278 / 300 	 Time Taken: 15 sec
learning rate = 0.0000416
(epoch: 279, iters: 1280, time: 0.006, data: 1.569) G_GAN: 2.375 G_L1: 1.923 G_GD: 1.618 D_real: 0.088 D_fake: 0.158 
(epoch: 279, iters: 2560, time: 0.002, data: 0.022) G_GAN: 2.533 G_L1: 1.876 G_GD: 1.574 D_real: 0.091 D_fake: 0.162 
End of epoch 279 / 300 	 Time Taken: 15 sec
learning rate = 0.0000396
(epoch: 280, iters: 1280, time: 0.006, data: 1.555) G_GAN: 2.421 G_L1: 2.047 G_GD: 1.700 D_real: 0.097 D_fake: 0.141 
(epoch: 280, iters: 2560, time: 0.002, data: 0.023) G_GAN: 2.663 G_L1: 1.840 G_GD: 1.561 D_real: 0.103 D_fake: 0.141 
saving the model at the end of epoch 280, iters 716800
End of epoch 280 / 300 	 Time Taken: 16 sec
learning rate = 0.0000376
(epoch: 281, iters: 1280, time: 0.006, data: 1.429) G_GAN: 2.433 G_L1: 1.924 G_GD: 1.611 D_real: 0.093 D_fake: 0.163 
(epoch: 281, iters: 2560, time: 0.002, data: 0.020) G_GAN: 2.529 G_L1: 1.871 G_GD: 1.595 D_real: 0.104 D_fake: 0.163 
End of epoch 281 / 300 	 Time Taken: 15 sec
learning rate = 0.0000356
(epoch: 282, iters: 1280, time: 0.006, data: 1.362) G_GAN: 2.230 G_L1: 1.999 G_GD: 1.655 D_real: 0.118 D_fake: 0.116 
(epoch: 282, iters: 2560, time: 0.002, data: 0.017) G_GAN: 2.455 G_L1: 1.924 G_GD: 1.618 D_real: 0.099 D_fake: 0.141 
End of epoch 282 / 300 	 Time Taken: 15 sec
learning rate = 0.0000337
(epoch: 283, iters: 1280, time: 0.006, data: 1.469) G_GAN: 2.562 G_L1: 1.957 G_GD: 1.638 D_real: 0.129 D_fake: 0.106 
(epoch: 283, iters: 2560, time: 0.002, data: 0.021) G_GAN: 2.428 G_L1: 2.058 G_GD: 1.709 D_real: 0.117 D_fake: 0.094 
End of epoch 283 / 300 	 Time Taken: 15 sec
learning rate = 0.0000317
(epoch: 284, iters: 1280, time: 0.006, data: 1.459) G_GAN: 2.690 G_L1: 1.994 G_GD: 1.660 D_real: 0.083 D_fake: 0.164 
(epoch: 284, iters: 2560, time: 0.002, data: 0.017) G_GAN: 2.551 G_L1: 1.982 G_GD: 1.652 D_real: 0.128 D_fake: 0.091 
End of epoch 284 / 300 	 Time Taken: 15 sec
learning rate = 0.0000297
(epoch: 285, iters: 1280, time: 0.006, data: 1.511) G_GAN: 2.589 G_L1: 2.018 G_GD: 1.682 D_real: 0.085 D_fake: 0.149 
(epoch: 285, iters: 2560, time: 0.002, data: 0.016) G_GAN: 2.673 G_L1: 1.842 G_GD: 1.563 D_real: 0.103 D_fake: 0.151 
End of epoch 285 / 300 	 Time Taken: 15 sec
learning rate = 0.0000277
(epoch: 286, iters: 1280, time: 0.006, data: 1.463) G_GAN: 2.250 G_L1: 1.898 G_GD: 1.595 D_real: 0.154 D_fake: 0.105 
(epoch: 286, iters: 2560, time: 0.002, data: 0.023) G_GAN: 2.820 G_L1: 1.944 G_GD: 1.636 D_real: 0.061 D_fake: 0.233 
End of epoch 286 / 300 	 Time Taken: 15 sec
learning rate = 0.0000257
(epoch: 287, iters: 1280, time: 0.006, data: 1.424) G_GAN: 2.645 G_L1: 1.945 G_GD: 1.633 D_real: 0.157 D_fake: 0.091 
(epoch: 287, iters: 2560, time: 0.001, data: 0.026) G_GAN: 2.323 G_L1: 1.971 G_GD: 1.651 D_real: 0.134 D_fake: 0.120 
End of epoch 287 / 300 	 Time Taken: 15 sec
learning rate = 0.0000238
(epoch: 288, iters: 1280, time: 0.004, data: 1.491) G_GAN: 2.325 G_L1: 2.060 G_GD: 1.702 D_real: 0.127 D_fake: 0.110 
(epoch: 288, iters: 2560, time: 0.001, data: 0.022) G_GAN: 2.465 G_L1: 2.009 G_GD: 1.663 D_real: 0.183 D_fake: 0.064 
End of epoch 288 / 300 	 Time Taken: 11 sec
learning rate = 0.0000218
(epoch: 289, iters: 1280, time: 0.004, data: 1.424) G_GAN: 2.294 G_L1: 1.975 G_GD: 1.645 D_real: 0.092 D_fake: 0.169 
(epoch: 289, iters: 2560, time: 0.001, data: 0.027) G_GAN: 2.658 G_L1: 2.071 G_GD: 1.708 D_real: 0.104 D_fake: 0.119 
End of epoch 289 / 300 	 Time Taken: 10 sec
learning rate = 0.0000198
(epoch: 290, iters: 1280, time: 0.004, data: 1.416) G_GAN: 2.356 G_L1: 1.942 G_GD: 1.620 D_real: 0.113 D_fake: 0.129 
(epoch: 290, iters: 2560, time: 0.001, data: 0.023) G_GAN: 2.446 G_L1: 2.022 G_GD: 1.685 D_real: 0.117 D_fake: 0.122 
saving the model at the end of epoch 290, iters 742400
End of epoch 290 / 300 	 Time Taken: 10 sec
learning rate = 0.0000178
(epoch: 291, iters: 1280, time: 0.004, data: 1.448) G_GAN: 2.230 G_L1: 1.925 G_GD: 1.619 D_real: 0.145 D_fake: 0.112 
(epoch: 291, iters: 2560, time: 0.001, data: 0.021) G_GAN: 2.360 G_L1: 1.937 G_GD: 1.609 D_real: 0.102 D_fake: 0.154 
End of epoch 291 / 300 	 Time Taken: 10 sec
learning rate = 0.0000158
(epoch: 292, iters: 1280, time: 0.006, data: 1.429) G_GAN: 2.313 G_L1: 1.878 G_GD: 1.580 D_real: 0.114 D_fake: 0.142 
(epoch: 292, iters: 2560, time: 0.001, data: 0.028) G_GAN: 2.576 G_L1: 1.961 G_GD: 1.638 D_real: 0.146 D_fake: 0.093 
End of epoch 292 / 300 	 Time Taken: 13 sec
learning rate = 0.0000139
(epoch: 293, iters: 1280, time: 0.004, data: 1.439) G_GAN: 2.425 G_L1: 1.925 G_GD: 1.600 D_real: 0.115 D_fake: 0.141 
(epoch: 293, iters: 2560, time: 0.001, data: 0.021) G_GAN: 2.295 G_L1: 1.844 G_GD: 1.550 D_real: 0.153 D_fake: 0.111 
End of epoch 293 / 300 	 Time Taken: 10 sec
learning rate = 0.0000119
(epoch: 294, iters: 1280, time: 0.004, data: 1.459) G_GAN: 2.469 G_L1: 1.936 G_GD: 1.615 D_real: 0.195 D_fake: 0.081 
(epoch: 294, iters: 2560, time: 0.001, data: 0.016) G_GAN: 2.552 G_L1: 1.979 G_GD: 1.662 D_real: 0.155 D_fake: 0.092 
End of epoch 294 / 300 	 Time Taken: 10 sec
learning rate = 0.0000099
(epoch: 295, iters: 1280, time: 0.004, data: 1.376) G_GAN: 2.297 G_L1: 1.909 G_GD: 1.599 D_real: 0.122 D_fake: 0.137 
(epoch: 295, iters: 2560, time: 0.001, data: 0.024) G_GAN: 2.513 G_L1: 1.942 G_GD: 1.625 D_real: 0.160 D_fake: 0.094 
End of epoch 295 / 300 	 Time Taken: 10 sec
learning rate = 0.0000079
(epoch: 296, iters: 1280, time: 0.004, data: 1.432) G_GAN: 2.403 G_L1: 1.979 G_GD: 1.659 D_real: 0.122 D_fake: 0.125 
(epoch: 296, iters: 2560, time: 0.001, data: 0.023) G_GAN: 2.492 G_L1: 2.034 G_GD: 1.674 D_real: 0.169 D_fake: 0.095 
End of epoch 296 / 300 	 Time Taken: 10 sec
learning rate = 0.0000059
(epoch: 297, iters: 1280, time: 0.006, data: 1.391) G_GAN: 2.474 G_L1: 1.872 G_GD: 1.577 D_real: 0.125 D_fake: 0.118 
(epoch: 297, iters: 2560, time: 0.002, data: 0.020) G_GAN: 2.436 G_L1: 1.986 G_GD: 1.656 D_real: 0.125 D_fake: 0.116 
End of epoch 297 / 300 	 Time Taken: 15 sec
learning rate = 0.0000040
(epoch: 298, iters: 1280, time: 0.006, data: 1.358) G_GAN: 2.392 G_L1: 1.922 G_GD: 1.605 D_real: 0.125 D_fake: 0.127 
(epoch: 298, iters: 2560, time: 0.002, data: 0.023) G_GAN: 2.575 G_L1: 2.045 G_GD: 1.686 D_real: 0.135 D_fake: 0.101 
End of epoch 298 / 300 	 Time Taken: 15 sec
learning rate = 0.0000020
(epoch: 299, iters: 1280, time: 0.006, data: 1.377) G_GAN: 2.353 G_L1: 1.937 G_GD: 1.615 D_real: 0.128 D_fake: 0.129 
(epoch: 299, iters: 2560, time: 0.002, data: 0.017) G_GAN: 2.235 G_L1: 1.902 G_GD: 1.591 D_real: 0.119 D_fake: 0.148 
End of epoch 299 / 300 	 Time Taken: 15 sec
learning rate = 0.0000000
(epoch: 300, iters: 1280, time: 0.006, data: 1.448) G_GAN: 2.582 G_L1: 2.060 G_GD: 1.702 D_real: 0.141 D_fake: 0.103 
(epoch: 300, iters: 2560, time: 0.002, data: 0.019) G_GAN: 3.061 G_L1: 2.354 G_GD: 1.910 D_real: 0.122 D_fake: 0.066 
saving the model at the end of epoch 300, iters 768000
End of epoch 300 / 300 	 Time Taken: 15 sec
learning rate = -0.0000020
